[0.180s] Invoking command in '/home/eduardex/Documents/Robotica/groupej2_ws/build/ucb_interfaces': CMAKE_PREFIX_PATH=${CMAKE_PREFIX_PATH}:/home/eduardex/Documents/Robotica/groupej2_ws/install/py_pubsub:/home/eduardex/Documents/Robotica/launch_ws/install/ucb_pubsub:/opt/ros/humble /usr/bin/cmake --build /home/eduardex/Documents/Robotica/groupej2_ws/build/ucb_interfaces -- -j12 -l12
[0.222s] [  3%] Built target ucb_interfaces__cpp
[0.222s] [ 12%] Built target ucb_interfaces__rosidl_generator_c
[0.231s] [ 12%] Built target ament_cmake_python_copy_ucb_interfaces
[0.240s] [ 22%] Built target ucb_interfaces__rosidl_typesupport_c
[0.241s] [ 32%] Built target ucb_interfaces__rosidl_typesupport_introspection_cpp
[0.241s] [ 41%] Built target ucb_interfaces__rosidl_typesupport_introspection_c
[0.241s] [ 51%] Built target ucb_interfaces__rosidl_typesupport_cpp
[0.242s] [ 61%] Built target ucb_interfaces__rosidl_typesupport_fastrtps_cpp
[0.252s] [ 70%] Built target ucb_interfaces__rosidl_typesupport_fastrtps_c
[0.270s] [ 70%] Built target ucb_interfaces
[0.290s] [ 74%] Built target ucb_interfaces__py
[0.311s] [ 80%] Built target ucb_interfaces__rosidl_generator_py
[0.329s] [100%] Built target ucb_interfaces__rosidl_typesupport_introspection_c__pyext
[0.330s] [100%] Built target ucb_interfaces__rosidl_typesupport_fastrtps_c__pyext
[0.330s] [100%] Built target ucb_interfaces__rosidl_typesupport_c__pyext
[0.403s] running egg_info
[0.404s] writing ucb_interfaces.egg-info/PKG-INFO
[0.404s] writing dependency_links to ucb_interfaces.egg-info/dependency_links.txt
[0.404s] writing top-level names to ucb_interfaces.egg-info/top_level.txt
[0.405s] reading manifest file 'ucb_interfaces.egg-info/SOURCES.txt'
[0.405s] writing manifest file 'ucb_interfaces.egg-info/SOURCES.txt'
[0.428s] [100%] Built target ament_cmake_python_build_ucb_interfaces_egg
[0.439s] Invoked command in '/home/eduardex/Documents/Robotica/groupej2_ws/build/ucb_interfaces' returned '0': CMAKE_PREFIX_PATH=${CMAKE_PREFIX_PATH}:/home/eduardex/Documents/Robotica/groupej2_ws/install/py_pubsub:/home/eduardex/Documents/Robotica/launch_ws/install/ucb_pubsub:/opt/ros/humble /usr/bin/cmake --build /home/eduardex/Documents/Robotica/groupej2_ws/build/ucb_interfaces -- -j12 -l12
[0.450s] Invoking command in '/home/eduardex/Documents/Robotica/groupej2_ws/build/ucb_interfaces': CMAKE_PREFIX_PATH=${CMAKE_PREFIX_PATH}:/home/eduardex/Documents/Robotica/groupej2_ws/install/py_pubsub:/home/eduardex/Documents/Robotica/launch_ws/install/ucb_pubsub:/opt/ros/humble /usr/bin/cmake --install /home/eduardex/Documents/Robotica/groupej2_ws/build/ucb_interfaces
[0.457s] -- Install configuration: ""
[0.457s] -- Up-to-date: /home/eduardex/Documents/Robotica/groupej2_ws/install/ucb_interfaces/share/ament_index/resource_index/rosidl_interfaces/ucb_interfaces
[0.457s] -- Up-to-date: /home/eduardex/Documents/Robotica/groupej2_ws/install/ucb_interfaces/include/ucb_interfaces/ucb_interfaces
[0.458s] -- Up-to-date: /home/eduardex/Documents/Robotica/groupej2_ws/install/ucb_interfaces/include/ucb_interfaces/ucb_interfaces/srv
[0.458s] -- Up-to-date: /home/eduardex/Documents/Robotica/groupej2_ws/install/ucb_interfaces/include/ucb_interfaces/ucb_interfaces/srv/rot.h
[0.458s] -- Up-to-date: /home/eduardex/Documents/Robotica/groupej2_ws/install/ucb_interfaces/include/ucb_interfaces/ucb_interfaces/srv/detail
[0.458s] -- Up-to-date: /home/eduardex/Documents/Robotica/groupej2_ws/install/ucb_interfaces/include/ucb_interfaces/ucb_interfaces/srv/detail/rot__struct.h
[0.458s] -- Up-to-date: /home/eduardex/Documents/Robotica/groupej2_ws/install/ucb_interfaces/include/ucb_interfaces/ucb_interfaces/srv/detail/rot__functions.h
[0.458s] -- Up-to-date: /home/eduardex/Documents/Robotica/groupej2_ws/install/ucb_interfaces/include/ucb_interfaces/ucb_interfaces/srv/detail/rot__type_support.h
[0.458s] -- Up-to-date: /home/eduardex/Documents/Robotica/groupej2_ws/install/ucb_interfaces/include/ucb_interfaces/ucb_interfaces/srv/detail/rot__functions.c
[0.458s] -- Up-to-date: /home/eduardex/Documents/Robotica/groupej2_ws/install/ucb_interfaces/include/ucb_interfaces/ucb_interfaces/msg
[0.458s] -- Up-to-date: /home/eduardex/Documents/Robotica/groupej2_ws/install/ucb_interfaces/include/ucb_interfaces/ucb_interfaces/msg/rosidl_generator_c__visibility_control.h
[0.458s] -- Up-to-date: /home/eduardex/Documents/Robotica/groupej2_ws/install/ucb_interfaces/share/ucb_interfaces/environment/library_path.sh
[0.458s] -- Up-to-date: /home/eduardex/Documents/Robotica/groupej2_ws/install/ucb_interfaces/share/ucb_interfaces/environment/library_path.dsv
[0.458s] -- Up-to-date: /home/eduardex/Documents/Robotica/groupej2_ws/install/ucb_interfaces/lib/libucb_interfaces__rosidl_generator_c.so
[0.459s] -- Up-to-date: /home/eduardex/Documents/Robotica/groupej2_ws/install/ucb_interfaces/include/ucb_interfaces/ucb_interfaces
[0.459s] -- Up-to-date: /home/eduardex/Documents/Robotica/groupej2_ws/install/ucb_interfaces/include/ucb_interfaces/ucb_interfaces/srv
[0.459s] -- Up-to-date: /home/eduardex/Documents/Robotica/groupej2_ws/install/ucb_interfaces/include/ucb_interfaces/ucb_interfaces/srv/detail
[0.459s] -- Up-to-date: /home/eduardex/Documents/Robotica/groupej2_ws/install/ucb_interfaces/include/ucb_interfaces/ucb_interfaces/srv/detail/rot__rosidl_typesupport_fastrtps_c.h
[0.459s] -- Up-to-date: /home/eduardex/Documents/Robotica/groupej2_ws/install/ucb_interfaces/include/ucb_interfaces/ucb_interfaces/msg
[0.459s] -- Up-to-date: /home/eduardex/Documents/Robotica/groupej2_ws/install/ucb_interfaces/include/ucb_interfaces/ucb_interfaces/msg/rosidl_typesupport_fastrtps_c__visibility_control.h
[0.459s] -- Up-to-date: /home/eduardex/Documents/Robotica/groupej2_ws/install/ucb_interfaces/lib/libucb_interfaces__rosidl_typesupport_fastrtps_c.so
[0.459s] -- Up-to-date: /home/eduardex/Documents/Robotica/groupej2_ws/install/ucb_interfaces/include/ucb_interfaces/ucb_interfaces
[0.459s] -- Up-to-date: /home/eduardex/Documents/Robotica/groupej2_ws/install/ucb_interfaces/include/ucb_interfaces/ucb_interfaces/srv
[0.459s] -- Up-to-date: /home/eduardex/Documents/Robotica/groupej2_ws/install/ucb_interfaces/include/ucb_interfaces/ucb_interfaces/srv/detail
[0.459s] -- Up-to-date: /home/eduardex/Documents/Robotica/groupej2_ws/install/ucb_interfaces/include/ucb_interfaces/ucb_interfaces/srv/detail/rot__struct.hpp
[0.459s] -- Up-to-date: /home/eduardex/Documents/Robotica/groupej2_ws/install/ucb_interfaces/include/ucb_interfaces/ucb_interfaces/srv/detail/rot__type_support.hpp
[0.459s] -- Up-to-date: /home/eduardex/Documents/Robotica/groupej2_ws/install/ucb_interfaces/include/ucb_interfaces/ucb_interfaces/srv/detail/rot__builder.hpp
[0.459s] -- Up-to-date: /home/eduardex/Documents/Robotica/groupej2_ws/install/ucb_interfaces/include/ucb_interfaces/ucb_interfaces/srv/detail/rot__traits.hpp
[0.459s] -- Up-to-date: /home/eduardex/Documents/Robotica/groupej2_ws/install/ucb_interfaces/include/ucb_interfaces/ucb_interfaces/srv/rot.hpp
[0.459s] -- Up-to-date: /home/eduardex/Documents/Robotica/groupej2_ws/install/ucb_interfaces/include/ucb_interfaces/ucb_interfaces/msg
[0.459s] -- Up-to-date: /home/eduardex/Documents/Robotica/groupej2_ws/install/ucb_interfaces/include/ucb_interfaces/ucb_interfaces/msg/rosidl_generator_cpp__visibility_control.hpp
[0.459s] -- Up-to-date: /home/eduardex/Documents/Robotica/groupej2_ws/install/ucb_interfaces/include/ucb_interfaces/ucb_interfaces
[0.459s] -- Up-to-date: /home/eduardex/Documents/Robotica/groupej2_ws/install/ucb_interfaces/include/ucb_interfaces/ucb_interfaces/srv
[0.459s] -- Up-to-date: /home/eduardex/Documents/Robotica/groupej2_ws/install/ucb_interfaces/include/ucb_interfaces/ucb_interfaces/srv/detail
[0.460s] -- Up-to-date: /home/eduardex/Documents/Robotica/groupej2_ws/install/ucb_interfaces/include/ucb_interfaces/ucb_interfaces/srv/detail/dds_fastrtps
[0.460s] -- Up-to-date: /home/eduardex/Documents/Robotica/groupej2_ws/install/ucb_interfaces/include/ucb_interfaces/ucb_interfaces/srv/detail/rot__rosidl_typesupport_fastrtps_cpp.hpp
[0.460s] -- Up-to-date: /home/eduardex/Documents/Robotica/groupej2_ws/install/ucb_interfaces/include/ucb_interfaces/ucb_interfaces/msg
[0.460s] -- Up-to-date: /home/eduardex/Documents/Robotica/groupej2_ws/install/ucb_interfaces/include/ucb_interfaces/ucb_interfaces/msg/rosidl_typesupport_fastrtps_cpp__visibility_control.h
[0.460s] -- Up-to-date: /home/eduardex/Documents/Robotica/groupej2_ws/install/ucb_interfaces/lib/libucb_interfaces__rosidl_typesupport_fastrtps_cpp.so
[0.460s] -- Up-to-date: /home/eduardex/Documents/Robotica/groupej2_ws/install/ucb_interfaces/include/ucb_interfaces/ucb_interfaces
[0.460s] -- Up-to-date: /home/eduardex/Documents/Robotica/groupej2_ws/install/ucb_interfaces/include/ucb_interfaces/ucb_interfaces/srv
[0.460s] -- Up-to-date: /home/eduardex/Documents/Robotica/groupej2_ws/install/ucb_interfaces/include/ucb_interfaces/ucb_interfaces/srv/detail
[0.460s] -- Up-to-date: /home/eduardex/Documents/Robotica/groupej2_ws/install/ucb_interfaces/include/ucb_interfaces/ucb_interfaces/srv/detail/rot__type_support.c
[0.460s] -- Up-to-date: /home/eduardex/Documents/Robotica/groupej2_ws/install/ucb_interfaces/include/ucb_interfaces/ucb_interfaces/srv/detail/rot__rosidl_typesupport_introspection_c.h
[0.460s] -- Up-to-date: /home/eduardex/Documents/Robotica/groupej2_ws/install/ucb_interfaces/include/ucb_interfaces/ucb_interfaces/msg
[0.460s] -- Up-to-date: /home/eduardex/Documents/Robotica/groupej2_ws/install/ucb_interfaces/include/ucb_interfaces/ucb_interfaces/msg/rosidl_typesupport_introspection_c__visibility_control.h
[0.460s] -- Up-to-date: /home/eduardex/Documents/Robotica/groupej2_ws/install/ucb_interfaces/lib/libucb_interfaces__rosidl_typesupport_introspection_c.so
[0.460s] -- Up-to-date: /home/eduardex/Documents/Robotica/groupej2_ws/install/ucb_interfaces/lib/libucb_interfaces__rosidl_typesupport_c.so
[0.460s] -- Up-to-date: /home/eduardex/Documents/Robotica/groupej2_ws/install/ucb_interfaces/include/ucb_interfaces/ucb_interfaces
[0.460s] -- Up-to-date: /home/eduardex/Documents/Robotica/groupej2_ws/install/ucb_interfaces/include/ucb_interfaces/ucb_interfaces/srv
[0.460s] -- Up-to-date: /home/eduardex/Documents/Robotica/groupej2_ws/install/ucb_interfaces/include/ucb_interfaces/ucb_interfaces/srv/detail
[0.460s] -- Up-to-date: /home/eduardex/Documents/Robotica/groupej2_ws/install/ucb_interfaces/include/ucb_interfaces/ucb_interfaces/srv/detail/rot__type_support.cpp
[0.460s] -- Up-to-date: /home/eduardex/Documents/Robotica/groupej2_ws/install/ucb_interfaces/include/ucb_interfaces/ucb_interfaces/srv/detail/rot__rosidl_typesupport_introspection_cpp.hpp
[0.460s] -- Up-to-date: /home/eduardex/Documents/Robotica/groupej2_ws/install/ucb_interfaces/lib/libucb_interfaces__rosidl_typesupport_introspection_cpp.so
[0.460s] -- Up-to-date: /home/eduardex/Documents/Robotica/groupej2_ws/install/ucb_interfaces/lib/libucb_interfaces__rosidl_typesupport_cpp.so
[0.460s] -- Up-to-date: /home/eduardex/Documents/Robotica/groupej2_ws/install/ucb_interfaces/share/ucb_interfaces/environment/pythonpath.sh
[0.460s] -- Up-to-date: /home/eduardex/Documents/Robotica/groupej2_ws/install/ucb_interfaces/share/ucb_interfaces/environment/pythonpath.dsv
[0.460s] -- Up-to-date: /home/eduardex/Documents/Robotica/groupej2_ws/install/ucb_interfaces/local/lib/python3.10/dist-packages/ucb_interfaces-0.0.0-py3.10.egg-info
[0.460s] -- Installing: /home/eduardex/Documents/Robotica/groupej2_ws/install/ucb_interfaces/local/lib/python3.10/dist-packages/ucb_interfaces-0.0.0-py3.10.egg-info/SOURCES.txt
[0.461s] -- Installing: /home/eduardex/Documents/Robotica/groupej2_ws/install/ucb_interfaces/local/lib/python3.10/dist-packages/ucb_interfaces-0.0.0-py3.10.egg-info/dependency_links.txt
[0.461s] -- Installing: /home/eduardex/Documents/Robotica/groupej2_ws/install/ucb_interfaces/local/lib/python3.10/dist-packages/ucb_interfaces-0.0.0-py3.10.egg-info/top_level.txt
[0.461s] -- Installing: /home/eduardex/Documents/Robotica/groupej2_ws/install/ucb_interfaces/local/lib/python3.10/dist-packages/ucb_interfaces-0.0.0-py3.10.egg-info/PKG-INFO
[0.461s] -- Up-to-date: /home/eduardex/Documents/Robotica/groupej2_ws/install/ucb_interfaces/local/lib/python3.10/dist-packages/ucb_interfaces
[0.461s] -- Up-to-date: /home/eduardex/Documents/Robotica/groupej2_ws/install/ucb_interfaces/local/lib/python3.10/dist-packages/ucb_interfaces/_ucb_interfaces_s.ep.rosidl_typesupport_c.c
[0.461s] -- Up-to-date: /home/eduardex/Documents/Robotica/groupej2_ws/install/ucb_interfaces/local/lib/python3.10/dist-packages/ucb_interfaces/ucb_interfaces_s__rosidl_typesupport_introspection_c.cpython-310-x86_64-linux-gnu.so
[0.461s] -- Up-to-date: /home/eduardex/Documents/Robotica/groupej2_ws/install/ucb_interfaces/local/lib/python3.10/dist-packages/ucb_interfaces/ucb_interfaces_s__rosidl_typesupport_c.cpython-310-x86_64-linux-gnu.so
[0.461s] -- Up-to-date: /home/eduardex/Documents/Robotica/groupej2_ws/install/ucb_interfaces/local/lib/python3.10/dist-packages/ucb_interfaces/libucb_interfaces__rosidl_generator_py.so
[0.461s] -- Up-to-date: /home/eduardex/Documents/Robotica/groupej2_ws/install/ucb_interfaces/local/lib/python3.10/dist-packages/ucb_interfaces/srv
[0.461s] -- Up-to-date: /home/eduardex/Documents/Robotica/groupej2_ws/install/ucb_interfaces/local/lib/python3.10/dist-packages/ucb_interfaces/srv/_rot.py
[0.461s] -- Up-to-date: /home/eduardex/Documents/Robotica/groupej2_ws/install/ucb_interfaces/local/lib/python3.10/dist-packages/ucb_interfaces/srv/__init__.py
[0.461s] -- Up-to-date: /home/eduardex/Documents/Robotica/groupej2_ws/install/ucb_interfaces/local/lib/python3.10/dist-packages/ucb_interfaces/srv/_rot_s.c
[0.461s] -- Up-to-date: /home/eduardex/Documents/Robotica/groupej2_ws/install/ucb_interfaces/local/lib/python3.10/dist-packages/ucb_interfaces/ucb_interfaces_s__rosidl_typesupport_fastrtps_c.cpython-310-x86_64-linux-gnu.so
[0.461s] -- Up-to-date: /home/eduardex/Documents/Robotica/groupej2_ws/install/ucb_interfaces/local/lib/python3.10/dist-packages/ucb_interfaces/__init__.py
[0.461s] -- Up-to-date: /home/eduardex/Documents/Robotica/groupej2_ws/install/ucb_interfaces/local/lib/python3.10/dist-packages/ucb_interfaces/_ucb_interfaces_s.ep.rosidl_typesupport_introspection_c.c
[0.461s] -- Up-to-date: /home/eduardex/Documents/Robotica/groupej2_ws/install/ucb_interfaces/local/lib/python3.10/dist-packages/ucb_interfaces/_ucb_interfaces_s.ep.rosidl_typesupport_fastrtps_c.c
[0.486s] Listing '/home/eduardex/Documents/Robotica/groupej2_ws/install/ucb_interfaces/local/lib/python3.10/dist-packages/ucb_interfaces'...
[0.486s] Listing '/home/eduardex/Documents/Robotica/groupej2_ws/install/ucb_interfaces/local/lib/python3.10/dist-packages/ucb_interfaces/srv'...
[0.489s] -- Up-to-date: /home/eduardex/Documents/Robotica/groupej2_ws/install/ucb_interfaces/local/lib/python3.10/dist-packages/ucb_interfaces/ucb_interfaces_s__rosidl_typesupport_fastrtps_c.cpython-310-x86_64-linux-gnu.so
[0.489s] -- Up-to-date: /home/eduardex/Documents/Robotica/groupej2_ws/install/ucb_interfaces/local/lib/python3.10/dist-packages/ucb_interfaces/ucb_interfaces_s__rosidl_typesupport_introspection_c.cpython-310-x86_64-linux-gnu.so
[0.489s] -- Up-to-date: /home/eduardex/Documents/Robotica/groupej2_ws/install/ucb_interfaces/local/lib/python3.10/dist-packages/ucb_interfaces/ucb_interfaces_s__rosidl_typesupport_c.cpython-310-x86_64-linux-gnu.so
[0.489s] -- Up-to-date: /home/eduardex/Documents/Robotica/groupej2_ws/install/ucb_interfaces/lib/libucb_interfaces__rosidl_generator_py.so
[0.489s] -- Up-to-date: /home/eduardex/Documents/Robotica/groupej2_ws/install/ucb_interfaces/share/ucb_interfaces/srv/Rot.idl
[0.490s] -- Up-to-date: /home/eduardex/Documents/Robotica/groupej2_ws/install/ucb_interfaces/share/ucb_interfaces/srv/Rot.srv
[0.490s] -- Up-to-date: /home/eduardex/Documents/Robotica/groupej2_ws/install/ucb_interfaces/share/ucb_interfaces/srv/Rot_Request.msg
[0.490s] -- Up-to-date: /home/eduardex/Documents/Robotica/groupej2_ws/install/ucb_interfaces/share/ucb_interfaces/srv/Rot_Response.msg
[0.490s] -- Up-to-date: /home/eduardex/Documents/Robotica/groupej2_ws/install/ucb_interfaces/share/ament_index/resource_index/package_run_dependencies/ucb_interfaces
[0.490s] -- Up-to-date: /home/eduardex/Documents/Robotica/groupej2_ws/install/ucb_interfaces/share/ament_index/resource_index/parent_prefix_path/ucb_interfaces
[0.490s] -- Up-to-date: /home/eduardex/Documents/Robotica/groupej2_ws/install/ucb_interfaces/share/ucb_interfaces/environment/ament_prefix_path.sh
[0.490s] -- Up-to-date: /home/eduardex/Documents/Robotica/groupej2_ws/install/ucb_interfaces/share/ucb_interfaces/environment/ament_prefix_path.dsv
[0.490s] -- Up-to-date: /home/eduardex/Documents/Robotica/groupej2_ws/install/ucb_interfaces/share/ucb_interfaces/environment/path.sh
[0.490s] -- Up-to-date: /home/eduardex/Documents/Robotica/groupej2_ws/install/ucb_interfaces/share/ucb_interfaces/environment/path.dsv
[0.490s] -- Up-to-date: /home/eduardex/Documents/Robotica/groupej2_ws/install/ucb_interfaces/share/ucb_interfaces/local_setup.bash
[0.490s] -- Up-to-date: /home/eduardex/Documents/Robotica/groupej2_ws/install/ucb_interfaces/share/ucb_interfaces/local_setup.sh
[0.490s] -- Up-to-date: /home/eduardex/Documents/Robotica/groupej2_ws/install/ucb_interfaces/share/ucb_interfaces/local_setup.zsh
[0.490s] -- Up-to-date: /home/eduardex/Documents/Robotica/groupej2_ws/install/ucb_interfaces/share/ucb_interfaces/local_setup.dsv
[0.490s] -- Installing: /home/eduardex/Documents/Robotica/groupej2_ws/install/ucb_interfaces/share/ucb_interfaces/package.dsv
[0.490s] -- Up-to-date: /home/eduardex/Documents/Robotica/groupej2_ws/install/ucb_interfaces/share/ament_index/resource_index/packages/ucb_interfaces
[0.490s] -- Up-to-date: /home/eduardex/Documents/Robotica/groupej2_ws/install/ucb_interfaces/share/ucb_interfaces/cmake/export_ucb_interfaces__rosidl_generator_cExport.cmake
[0.490s] -- Up-to-date: /home/eduardex/Documents/Robotica/groupej2_ws/install/ucb_interfaces/share/ucb_interfaces/cmake/export_ucb_interfaces__rosidl_generator_cExport-noconfig.cmake
[0.491s] -- Up-to-date: /home/eduardex/Documents/Robotica/groupej2_ws/install/ucb_interfaces/share/ucb_interfaces/cmake/export_ucb_interfaces__rosidl_typesupport_fastrtps_cExport.cmake
[0.491s] -- Up-to-date: /home/eduardex/Documents/Robotica/groupej2_ws/install/ucb_interfaces/share/ucb_interfaces/cmake/export_ucb_interfaces__rosidl_typesupport_fastrtps_cExport-noconfig.cmake
[0.491s] -- Up-to-date: /home/eduardex/Documents/Robotica/groupej2_ws/install/ucb_interfaces/share/ucb_interfaces/cmake/export_ucb_interfaces__rosidl_generator_cppExport.cmake
[0.491s] -- Up-to-date: /home/eduardex/Documents/Robotica/groupej2_ws/install/ucb_interfaces/share/ucb_interfaces/cmake/export_ucb_interfaces__rosidl_typesupport_fastrtps_cppExport.cmake
[0.491s] -- Up-to-date: /home/eduardex/Documents/Robotica/groupej2_ws/install/ucb_interfaces/share/ucb_interfaces/cmake/export_ucb_interfaces__rosidl_typesupport_fastrtps_cppExport-noconfig.cmake
[0.491s] -- Up-to-date: /home/eduardex/Documents/Robotica/groupej2_ws/install/ucb_interfaces/share/ucb_interfaces/cmake/ucb_interfaces__rosidl_typesupport_introspection_cExport.cmake
[0.491s] -- Up-to-date: /home/eduardex/Documents/Robotica/groupej2_ws/install/ucb_interfaces/share/ucb_interfaces/cmake/ucb_interfaces__rosidl_typesupport_introspection_cExport-noconfig.cmake
[0.491s] -- Up-to-date: /home/eduardex/Documents/Robotica/groupej2_ws/install/ucb_interfaces/share/ucb_interfaces/cmake/ucb_interfaces__rosidl_typesupport_cExport.cmake
[0.491s] -- Up-to-date: /home/eduardex/Documents/Robotica/groupej2_ws/install/ucb_interfaces/share/ucb_interfaces/cmake/ucb_interfaces__rosidl_typesupport_cExport-noconfig.cmake
[0.491s] -- Up-to-date: /home/eduardex/Documents/Robotica/groupej2_ws/install/ucb_interfaces/share/ucb_interfaces/cmake/ucb_interfaces__rosidl_typesupport_introspection_cppExport.cmake
[0.491s] -- Up-to-date: /home/eduardex/Documents/Robotica/groupej2_ws/install/ucb_interfaces/share/ucb_interfaces/cmake/ucb_interfaces__rosidl_typesupport_introspection_cppExport-noconfig.cmake
[0.491s] -- Up-to-date: /home/eduardex/Documents/Robotica/groupej2_ws/install/ucb_interfaces/share/ucb_interfaces/cmake/ucb_interfaces__rosidl_typesupport_cppExport.cmake
[0.491s] -- Up-to-date: /home/eduardex/Documents/Robotica/groupej2_ws/install/ucb_interfaces/share/ucb_interfaces/cmake/ucb_interfaces__rosidl_typesupport_cppExport-noconfig.cmake
[0.491s] -- Up-to-date: /home/eduardex/Documents/Robotica/groupej2_ws/install/ucb_interfaces/share/ucb_interfaces/cmake/export_ucb_interfaces__rosidl_generator_pyExport.cmake
[0.491s] -- Up-to-date: /home/eduardex/Documents/Robotica/groupej2_ws/install/ucb_interfaces/share/ucb_interfaces/cmake/export_ucb_interfaces__rosidl_generator_pyExport-noconfig.cmake
[0.491s] -- Up-to-date: /home/eduardex/Documents/Robotica/groupej2_ws/install/ucb_interfaces/share/ucb_interfaces/cmake/rosidl_cmake-extras.cmake
[0.491s] -- Up-to-date: /home/eduardex/Documents/Robotica/groupej2_ws/install/ucb_interfaces/share/ucb_interfaces/cmake/ament_cmake_export_dependencies-extras.cmake
[0.491s] -- Up-to-date: /home/eduardex/Documents/Robotica/groupej2_ws/install/ucb_interfaces/share/ucb_interfaces/cmake/ament_cmake_export_include_directories-extras.cmake
[0.491s] -- Up-to-date: /home/eduardex/Documents/Robotica/groupej2_ws/install/ucb_interfaces/share/ucb_interfaces/cmake/ament_cmake_export_libraries-extras.cmake
[0.491s] -- Up-to-date: /home/eduardex/Documents/Robotica/groupej2_ws/install/ucb_interfaces/share/ucb_interfaces/cmake/ament_cmake_export_targets-extras.cmake
[0.491s] -- Up-to-date: /home/eduardex/Documents/Robotica/groupej2_ws/install/ucb_interfaces/share/ucb_interfaces/cmake/rosidl_cmake_export_typesupport_targets-extras.cmake
[0.491s] -- Up-to-date: /home/eduardex/Documents/Robotica/groupej2_ws/install/ucb_interfaces/share/ucb_interfaces/cmake/rosidl_cmake_export_typesupport_libraries-extras.cmake
[0.492s] -- Up-to-date: /home/eduardex/Documents/Robotica/groupej2_ws/install/ucb_interfaces/share/ucb_interfaces/cmake/ucb_interfacesConfig.cmake
[0.492s] -- Up-to-date: /home/eduardex/Documents/Robotica/groupej2_ws/install/ucb_interfaces/share/ucb_interfaces/cmake/ucb_interfacesConfig-version.cmake
[0.492s] -- Up-to-date: /home/eduardex/Documents/Robotica/groupej2_ws/install/ucb_interfaces/share/ucb_interfaces/package.xml
[0.494s] Invoked command in '/home/eduardex/Documents/Robotica/groupej2_ws/build/ucb_interfaces' returned '0': CMAKE_PREFIX_PATH=${CMAKE_PREFIX_PATH}:/home/eduardex/Documents/Robotica/groupej2_ws/install/py_pubsub:/home/eduardex/Documents/Robotica/launch_ws/install/ucb_pubsub:/opt/ros/humble /usr/bin/cmake --install /home/eduardex/Documents/Robotica/groupej2_ws/build/ucb_interfaces
