running egg_info
creating ../../build/py_pubsub/py_pubsub.egg-info
writing ../../build/py_pubsub/py_pubsub.egg-info/PKG-INFO
writing dependency_links to ../../build/py_pubsub/py_pubsub.egg-info/dependency_links.txt
writing entry points to ../../build/py_pubsub/py_pubsub.egg-info/entry_points.txt
writing requirements to ../../build/py_pubsub/py_pubsub.egg-info/requires.txt
writing top-level names to ../../build/py_pubsub/py_pubsub.egg-info/top_level.txt
writing manifest file '../../build/py_pubsub/py_pubsub.egg-info/SOURCES.txt'
reading manifest file '../../build/py_pubsub/py_pubsub.egg-info/SOURCES.txt'
adding license file 'LICENSE'
writing manifest file '../../build/py_pubsub/py_pubsub.egg-info/SOURCES.txt'
running build
running build_py
creating /home/eduardex/Documents/Robotica/groupej2_ws/build/py_pubsub/build
creating /home/eduardex/Documents/Robotica/groupej2_ws/build/py_pubsub/build/lib
creating /home/eduardex/Documents/Robotica/groupej2_ws/build/py_pubsub/build/lib/py_pubsub
copying py_pubsub/client_angles.py -> /home/eduardex/Documents/Robotica/groupej2_ws/build/py_pubsub/build/lib/py_pubsub
copying py_pubsub/server_angles.py -> /home/eduardex/Documents/Robotica/groupej2_ws/build/py_pubsub/build/lib/py_pubsub
copying py_pubsub/sub_angles.py -> /home/eduardex/Documents/Robotica/groupej2_ws/build/py_pubsub/build/lib/py_pubsub
copying py_pubsub/__init__.py -> /home/eduardex/Documents/Robotica/groupej2_ws/build/py_pubsub/build/lib/py_pubsub
copying py_pubsub/pub_angles.py -> /home/eduardex/Documents/Robotica/groupej2_ws/build/py_pubsub/build/lib/py_pubsub
running install
running install_lib
creating /home/eduardex/Documents/Robotica/groupej2_ws/install/py_pubsub/lib/python3.10/site-packages/py_pubsub
copying /home/eduardex/Documents/Robotica/groupej2_ws/build/py_pubsub/build/lib/py_pubsub/client_angles.py -> /home/eduardex/Documents/Robotica/groupej2_ws/install/py_pubsub/lib/python3.10/site-packages/py_pubsub
copying /home/eduardex/Documents/Robotica/groupej2_ws/build/py_pubsub/build/lib/py_pubsub/server_angles.py -> /home/eduardex/Documents/Robotica/groupej2_ws/install/py_pubsub/lib/python3.10/site-packages/py_pubsub
copying /home/eduardex/Documents/Robotica/groupej2_ws/build/py_pubsub/build/lib/py_pubsub/sub_angles.py -> /home/eduardex/Documents/Robotica/groupej2_ws/install/py_pubsub/lib/python3.10/site-packages/py_pubsub
copying /home/eduardex/Documents/Robotica/groupej2_ws/build/py_pubsub/build/lib/py_pubsub/__init__.py -> /home/eduardex/Documents/Robotica/groupej2_ws/install/py_pubsub/lib/python3.10/site-packages/py_pubsub
copying /home/eduardex/Documents/Robotica/groupej2_ws/build/py_pubsub/build/lib/py_pubsub/pub_angles.py -> /home/eduardex/Documents/Robotica/groupej2_ws/install/py_pubsub/lib/python3.10/site-packages/py_pubsub
byte-compiling /home/eduardex/Documents/Robotica/groupej2_ws/install/py_pubsub/lib/python3.10/site-packages/py_pubsub/client_angles.py to client_angles.cpython-310.pyc
byte-compiling /home/eduardex/Documents/Robotica/groupej2_ws/install/py_pubsub/lib/python3.10/site-packages/py_pubsub/server_angles.py to server_angles.cpython-310.pyc
byte-compiling /home/eduardex/Documents/Robotica/groupej2_ws/install/py_pubsub/lib/python3.10/site-packages/py_pubsub/sub_angles.py to sub_angles.cpython-310.pyc
byte-compiling /home/eduardex/Documents/Robotica/groupej2_ws/install/py_pubsub/lib/python3.10/site-packages/py_pubsub/__init__.py to __init__.cpython-310.pyc
byte-compiling /home/eduardex/Documents/Robotica/groupej2_ws/install/py_pubsub/lib/python3.10/site-packages/py_pubsub/pub_angles.py to pub_angles.cpython-310.pyc
running install_data
creating /home/eduardex/Documents/Robotica/groupej2_ws/install/py_pubsub/share/ament_index
creating /home/eduardex/Documents/Robotica/groupej2_ws/install/py_pubsub/share/ament_index/resource_index
creating /home/eduardex/Documents/Robotica/groupej2_ws/install/py_pubsub/share/ament_index/resource_index/packages
copying resource/py_pubsub -> /home/eduardex/Documents/Robotica/groupej2_ws/install/py_pubsub/share/ament_index/resource_index/packages
copying package.xml -> /home/eduardex/Documents/Robotica/groupej2_ws/install/py_pubsub/share/py_pubsub
running install_egg_info
Copying ../../build/py_pubsub/py_pubsub.egg-info to /home/eduardex/Documents/Robotica/groupej2_ws/install/py_pubsub/lib/python3.10/site-packages/py_pubsub-0.0.0-py3.10.egg-info
running install_scripts
Installing client script to /home/eduardex/Documents/Robotica/groupej2_ws/install/py_pubsub/lib/py_pubsub
Installing receiver script to /home/eduardex/Documents/Robotica/groupej2_ws/install/py_pubsub/lib/py_pubsub
Installing sender script to /home/eduardex/Documents/Robotica/groupej2_ws/install/py_pubsub/lib/py_pubsub
Installing server script to /home/eduardex/Documents/Robotica/groupej2_ws/install/py_pubsub/lib/py_pubsub
writing list of installed files to '/home/eduardex/Documents/Robotica/groupej2_ws/build/py_pubsub/install.log'
