[0.413s] Invoking command in '/home/eduardex/Documents/Robotica/groupej2_ws/src/py_pubsub': PYTHONPATH=/home/eduardex/Documents/Robotica/groupej2_ws/build/py_pubsub/prefix_override:/usr/lib/python3/dist-packages/colcon_core/task/python/colcon_distutils_commands:/home/eduardex/Documents/Robotica/groupej2_ws/install/py_pubsub/lib/python3.10/site-packages:${PYTHONPATH} /usr/bin/python3 -W ignore:setup.py install is deprecated -W ignore:easy_install command is deprecated setup.py egg_info --egg-base ../../build/py_pubsub build --build-base /home/eduardex/Documents/Robotica/groupej2_ws/build/py_pubsub/build install --record /home/eduardex/Documents/Robotica/groupej2_ws/build/py_pubsub/install.log --single-version-externally-managed install_data
[0.576s] running egg_info
[0.576s] creating ../../build/py_pubsub/py_pubsub.egg-info
[0.576s] writing ../../build/py_pubsub/py_pubsub.egg-info/PKG-INFO
[0.576s] writing dependency_links to ../../build/py_pubsub/py_pubsub.egg-info/dependency_links.txt
[0.576s] writing entry points to ../../build/py_pubsub/py_pubsub.egg-info/entry_points.txt
[0.576s] writing requirements to ../../build/py_pubsub/py_pubsub.egg-info/requires.txt
[0.576s] writing top-level names to ../../build/py_pubsub/py_pubsub.egg-info/top_level.txt
[0.577s] writing manifest file '../../build/py_pubsub/py_pubsub.egg-info/SOURCES.txt'
[0.578s] reading manifest file '../../build/py_pubsub/py_pubsub.egg-info/SOURCES.txt'
[0.578s] adding license file 'LICENSE'
[0.578s] writing manifest file '../../build/py_pubsub/py_pubsub.egg-info/SOURCES.txt'
[0.578s] running build
[0.578s] running build_py
[0.578s] creating /home/eduardex/Documents/Robotica/groupej2_ws/build/py_pubsub/build
[0.578s] creating /home/eduardex/Documents/Robotica/groupej2_ws/build/py_pubsub/build/lib
[0.579s] creating /home/eduardex/Documents/Robotica/groupej2_ws/build/py_pubsub/build/lib/py_pubsub
[0.579s] copying py_pubsub/client_angles.py -> /home/eduardex/Documents/Robotica/groupej2_ws/build/py_pubsub/build/lib/py_pubsub
[0.579s] copying py_pubsub/server_angles.py -> /home/eduardex/Documents/Robotica/groupej2_ws/build/py_pubsub/build/lib/py_pubsub
[0.579s] copying py_pubsub/sub_angles.py -> /home/eduardex/Documents/Robotica/groupej2_ws/build/py_pubsub/build/lib/py_pubsub
[0.579s] copying py_pubsub/__init__.py -> /home/eduardex/Documents/Robotica/groupej2_ws/build/py_pubsub/build/lib/py_pubsub
[0.579s] copying py_pubsub/pub_angles.py -> /home/eduardex/Documents/Robotica/groupej2_ws/build/py_pubsub/build/lib/py_pubsub
[0.579s] running install
[0.579s] running install_lib
[0.579s] creating /home/eduardex/Documents/Robotica/groupej2_ws/install/py_pubsub/lib/python3.10/site-packages/py_pubsub
[0.580s] copying /home/eduardex/Documents/Robotica/groupej2_ws/build/py_pubsub/build/lib/py_pubsub/client_angles.py -> /home/eduardex/Documents/Robotica/groupej2_ws/install/py_pubsub/lib/python3.10/site-packages/py_pubsub
[0.580s] copying /home/eduardex/Documents/Robotica/groupej2_ws/build/py_pubsub/build/lib/py_pubsub/server_angles.py -> /home/eduardex/Documents/Robotica/groupej2_ws/install/py_pubsub/lib/python3.10/site-packages/py_pubsub
[0.580s] copying /home/eduardex/Documents/Robotica/groupej2_ws/build/py_pubsub/build/lib/py_pubsub/sub_angles.py -> /home/eduardex/Documents/Robotica/groupej2_ws/install/py_pubsub/lib/python3.10/site-packages/py_pubsub
[0.580s] copying /home/eduardex/Documents/Robotica/groupej2_ws/build/py_pubsub/build/lib/py_pubsub/__init__.py -> /home/eduardex/Documents/Robotica/groupej2_ws/install/py_pubsub/lib/python3.10/site-packages/py_pubsub
[0.580s] copying /home/eduardex/Documents/Robotica/groupej2_ws/build/py_pubsub/build/lib/py_pubsub/pub_angles.py -> /home/eduardex/Documents/Robotica/groupej2_ws/install/py_pubsub/lib/python3.10/site-packages/py_pubsub
[0.580s] byte-compiling /home/eduardex/Documents/Robotica/groupej2_ws/install/py_pubsub/lib/python3.10/site-packages/py_pubsub/client_angles.py to client_angles.cpython-310.pyc
[0.581s] byte-compiling /home/eduardex/Documents/Robotica/groupej2_ws/install/py_pubsub/lib/python3.10/site-packages/py_pubsub/server_angles.py to server_angles.cpython-310.pyc
[0.581s] byte-compiling /home/eduardex/Documents/Robotica/groupej2_ws/install/py_pubsub/lib/python3.10/site-packages/py_pubsub/sub_angles.py to sub_angles.cpython-310.pyc
[0.581s] byte-compiling /home/eduardex/Documents/Robotica/groupej2_ws/install/py_pubsub/lib/python3.10/site-packages/py_pubsub/__init__.py to __init__.cpython-310.pyc
[0.581s] byte-compiling /home/eduardex/Documents/Robotica/groupej2_ws/install/py_pubsub/lib/python3.10/site-packages/py_pubsub/pub_angles.py to pub_angles.cpython-310.pyc
[0.582s] running install_data
[0.582s] creating /home/eduardex/Documents/Robotica/groupej2_ws/install/py_pubsub/share/ament_index
[0.582s] creating /home/eduardex/Documents/Robotica/groupej2_ws/install/py_pubsub/share/ament_index/resource_index
[0.582s] creating /home/eduardex/Documents/Robotica/groupej2_ws/install/py_pubsub/share/ament_index/resource_index/packages
[0.582s] copying resource/py_pubsub -> /home/eduardex/Documents/Robotica/groupej2_ws/install/py_pubsub/share/ament_index/resource_index/packages
[0.582s] copying package.xml -> /home/eduardex/Documents/Robotica/groupej2_ws/install/py_pubsub/share/py_pubsub
[0.582s] running install_egg_info
[0.583s] Copying ../../build/py_pubsub/py_pubsub.egg-info to /home/eduardex/Documents/Robotica/groupej2_ws/install/py_pubsub/lib/python3.10/site-packages/py_pubsub-0.0.0-py3.10.egg-info
[0.584s] running install_scripts
[0.599s] Installing client script to /home/eduardex/Documents/Robotica/groupej2_ws/install/py_pubsub/lib/py_pubsub
[0.599s] Installing receiver script to /home/eduardex/Documents/Robotica/groupej2_ws/install/py_pubsub/lib/py_pubsub
[0.599s] Installing sender script to /home/eduardex/Documents/Robotica/groupej2_ws/install/py_pubsub/lib/py_pubsub
[0.599s] Installing server script to /home/eduardex/Documents/Robotica/groupej2_ws/install/py_pubsub/lib/py_pubsub
[0.599s] writing list of installed files to '/home/eduardex/Documents/Robotica/groupej2_ws/build/py_pubsub/install.log'
[0.619s] Invoked command in '/home/eduardex/Documents/Robotica/groupej2_ws/src/py_pubsub' returned '0': PYTHONPATH=/home/eduardex/Documents/Robotica/groupej2_ws/build/py_pubsub/prefix_override:/usr/lib/python3/dist-packages/colcon_core/task/python/colcon_distutils_commands:/home/eduardex/Documents/Robotica/groupej2_ws/install/py_pubsub/lib/python3.10/site-packages:${PYTHONPATH} /usr/bin/python3 -W ignore:setup.py install is deprecated -W ignore:easy_install command is deprecated setup.py egg_info --egg-base ../../build/py_pubsub build --build-base /home/eduardex/Documents/Robotica/groupej2_ws/build/py_pubsub/build install --record /home/eduardex/Documents/Robotica/groupej2_ws/build/py_pubsub/install.log --single-version-externally-managed install_data
