/home/eduardex/Documents/Robotica/groupej2_ws/install/py_pubsub/lib/python3.10/site-packages/py_pubsub/client_angles.py
/home/eduardex/Documents/Robotica/groupej2_ws/install/py_pubsub/lib/python3.10/site-packages/py_pubsub/server_angles.py
/home/eduardex/Documents/Robotica/groupej2_ws/install/py_pubsub/lib/python3.10/site-packages/py_pubsub/sub_angles.py
/home/eduardex/Documents/Robotica/groupej2_ws/install/py_pubsub/lib/python3.10/site-packages/py_pubsub/__init__.py
/home/eduardex/Documents/Robotica/groupej2_ws/install/py_pubsub/lib/python3.10/site-packages/py_pubsub/pub_angles.py
/home/eduardex/Documents/Robotica/groupej2_ws/install/py_pubsub/lib/python3.10/site-packages/py_pubsub/__pycache__/client_angles.cpython-310.pyc
/home/eduardex/Documents/Robotica/groupej2_ws/install/py_pubsub/lib/python3.10/site-packages/py_pubsub/__pycache__/server_angles.cpython-310.pyc
/home/eduardex/Documents/Robotica/groupej2_ws/install/py_pubsub/lib/python3.10/site-packages/py_pubsub/__pycache__/sub_angles.cpython-310.pyc
/home/eduardex/Documents/Robotica/groupej2_ws/install/py_pubsub/lib/python3.10/site-packages/py_pubsub/__pycache__/__init__.cpython-310.pyc
/home/eduardex/Documents/Robotica/groupej2_ws/install/py_pubsub/lib/python3.10/site-packages/py_pubsub/__pycache__/pub_angles.cpython-310.pyc
/home/eduardex/Documents/Robotica/groupej2_ws/install/py_pubsub/share/ament_index/resource_index/packages/py_pubsub
/home/eduardex/Documents/Robotica/groupej2_ws/install/py_pubsub/share/py_pubsub/package.xml
/home/eduardex/Documents/Robotica/groupej2_ws/install/py_pubsub/lib/python3.10/site-packages/py_pubsub-0.0.0-py3.10.egg-info/zip-safe
/home/eduardex/Documents/Robotica/groupej2_ws/install/py_pubsub/lib/python3.10/site-packages/py_pubsub-0.0.0-py3.10.egg-info/entry_points.txt
/home/eduardex/Documents/Robotica/groupej2_ws/install/py_pubsub/lib/python3.10/site-packages/py_pubsub-0.0.0-py3.10.egg-info/requires.txt
/home/eduardex/Documents/Robotica/groupej2_ws/install/py_pubsub/lib/python3.10/site-packages/py_pubsub-0.0.0-py3.10.egg-info/SOURCES.txt
/home/eduardex/Documents/Robotica/groupej2_ws/install/py_pubsub/lib/python3.10/site-packages/py_pubsub-0.0.0-py3.10.egg-info/dependency_links.txt
/home/eduardex/Documents/Robotica/groupej2_ws/install/py_pubsub/lib/python3.10/site-packages/py_pubsub-0.0.0-py3.10.egg-info/top_level.txt
/home/eduardex/Documents/Robotica/groupej2_ws/install/py_pubsub/lib/python3.10/site-packages/py_pubsub-0.0.0-py3.10.egg-info/PKG-INFO
/home/eduardex/Documents/Robotica/groupej2_ws/install/py_pubsub/lib/py_pubsub/client
/home/eduardex/Documents/Robotica/groupej2_ws/install/py_pubsub/lib/py_pubsub/receiver
/home/eduardex/Documents/Robotica/groupej2_ws/install/py_pubsub/lib/py_pubsub/sender
/home/eduardex/Documents/Robotica/groupej2_ws/install/py_pubsub/lib/py_pubsub/server
