[0.074s] DEBUG:colcon:Command line arguments: ['/usr/bin/colcon', 'build']
[0.074s] DEBUG:colcon:Parsed command line arguments: Namespace(log_base=None, log_level=None, verb_name='build', build_base='build', install_base='install', merge_install=False, symlink_install=False, test_result_base=None, continue_on_error=False, executor='parallel', parallel_workers=12, event_handlers=None, ignore_user_meta=False, metas=['./colcon.meta'], base_paths=['.'], packages_ignore=None, packages_ignore_regex=None, paths=None, packages_up_to=None, packages_up_to_regex=None, packages_above=None, packages_above_and_dependencies=None, packages_above_depth=None, packages_select_by_dep=None, packages_skip_by_dep=None, packages_skip_up_to=None, packages_select_build_failed=False, packages_skip_build_finished=False, packages_select_test_failures=False, packages_skip_test_passed=False, packages_select=None, packages_skip=None, packages_select_regex=None, packages_skip_regex=None, packages_start=None, packages_end=None, allow_overriding=[], cmake_args=None, cmake_target=None, cmake_target_skip_unavailable=False, cmake_clean_cache=False, cmake_clean_first=False, cmake_force_configure=False, ament_cmake_args=None, catkin_cmake_args=None, catkin_skip_building_tests=False, mixin_files=None, mixin=None, verb_parser=<colcon_mixin.mixin.mixin_argument.MixinArgumentDecorator object at 0x7bbb2485a140>, verb_extension=<colcon_core.verb.build.BuildVerb object at 0x7bbb249dbeb0>, main=<bound method BuildVerb.main of <colcon_core.verb.build.BuildVerb object at 0x7bbb249dbeb0>>, mixin_verb=('build',))
[0.187s] Level 1:colcon.colcon_core.package_discovery:discover_packages(colcon_meta) check parameters
[0.187s] Level 1:colcon.colcon_core.package_discovery:discover_packages(recursive) check parameters
[0.187s] Level 1:colcon.colcon_core.package_discovery:discover_packages(ignore) check parameters
[0.187s] Level 1:colcon.colcon_core.package_discovery:discover_packages(path) check parameters
[0.187s] Level 1:colcon.colcon_core.package_discovery:discover_packages(colcon_meta) discover
[0.187s] Level 1:colcon.colcon_core.package_discovery:discover_packages(recursive) discover
[0.187s] INFO:colcon.colcon_core.package_discovery:Crawling recursively for packages in '/home/eduardex/Documents/Robotica/groupej2_ws'
[0.187s] Level 1:colcon.colcon_core.package_identification:_identify(.) by extensions ['ignore', 'ignore_ament_install']
[0.187s] Level 1:colcon.colcon_core.package_identification:_identify(.) by extension 'ignore'
[0.187s] Level 1:colcon.colcon_core.package_identification:_identify(.) by extension 'ignore_ament_install'
[0.187s] Level 1:colcon.colcon_core.package_identification:_identify(.) by extensions ['colcon_pkg']
[0.187s] Level 1:colcon.colcon_core.package_identification:_identify(.) by extension 'colcon_pkg'
[0.187s] Level 1:colcon.colcon_core.package_identification:_identify(.) by extensions ['colcon_meta']
[0.187s] Level 1:colcon.colcon_core.package_identification:_identify(.) by extension 'colcon_meta'
[0.187s] Level 1:colcon.colcon_core.package_identification:_identify(.) by extensions ['ros']
[0.187s] Level 1:colcon.colcon_core.package_identification:_identify(.) by extension 'ros'
[0.194s] Level 1:colcon.colcon_core.package_identification:_identify(.) by extensions ['cmake', 'python']
[0.194s] Level 1:colcon.colcon_core.package_identification:_identify(.) by extension 'cmake'
[0.194s] Level 1:colcon.colcon_core.package_identification:_identify(.) by extension 'python'
[0.194s] Level 1:colcon.colcon_core.package_identification:_identify(.) by extensions ['python_setup_py']
[0.194s] Level 1:colcon.colcon_core.package_identification:_identify(.) by extension 'python_setup_py'
[0.194s] Level 1:colcon.colcon_core.package_identification:_identify(build) by extensions ['ignore', 'ignore_ament_install']
[0.195s] Level 1:colcon.colcon_core.package_identification:_identify(build) by extension 'ignore'
[0.195s] Level 1:colcon.colcon_core.package_identification:_identify(build) ignored
[0.195s] Level 1:colcon.colcon_core.package_identification:_identify(install) by extensions ['ignore', 'ignore_ament_install']
[0.195s] Level 1:colcon.colcon_core.package_identification:_identify(install) by extension 'ignore'
[0.195s] Level 1:colcon.colcon_core.package_identification:_identify(install) ignored
[0.195s] Level 1:colcon.colcon_core.package_identification:_identify(log) by extensions ['ignore', 'ignore_ament_install']
[0.195s] Level 1:colcon.colcon_core.package_identification:_identify(log) by extension 'ignore'
[0.195s] Level 1:colcon.colcon_core.package_identification:_identify(log) ignored
[0.195s] Level 1:colcon.colcon_core.package_identification:_identify(src) by extensions ['ignore', 'ignore_ament_install']
[0.195s] Level 1:colcon.colcon_core.package_identification:_identify(src) by extension 'ignore'
[0.195s] Level 1:colcon.colcon_core.package_identification:_identify(src) by extension 'ignore_ament_install'
[0.195s] Level 1:colcon.colcon_core.package_identification:_identify(src) by extensions ['colcon_pkg']
[0.195s] Level 1:colcon.colcon_core.package_identification:_identify(src) by extension 'colcon_pkg'
[0.195s] Level 1:colcon.colcon_core.package_identification:_identify(src) by extensions ['colcon_meta']
[0.195s] Level 1:colcon.colcon_core.package_identification:_identify(src) by extension 'colcon_meta'
[0.195s] Level 1:colcon.colcon_core.package_identification:_identify(src) by extensions ['ros']
[0.195s] Level 1:colcon.colcon_core.package_identification:_identify(src) by extension 'ros'
[0.195s] Level 1:colcon.colcon_core.package_identification:_identify(src) by extensions ['cmake', 'python']
[0.195s] Level 1:colcon.colcon_core.package_identification:_identify(src) by extension 'cmake'
[0.195s] Level 1:colcon.colcon_core.package_identification:_identify(src) by extension 'python'
[0.195s] Level 1:colcon.colcon_core.package_identification:_identify(src) by extensions ['python_setup_py']
[0.195s] Level 1:colcon.colcon_core.package_identification:_identify(src) by extension 'python_setup_py'
[0.195s] Level 1:colcon.colcon_core.package_identification:_identify(src/py_pubsub) by extensions ['ignore', 'ignore_ament_install']
[0.195s] Level 1:colcon.colcon_core.package_identification:_identify(src/py_pubsub) by extension 'ignore'
[0.195s] Level 1:colcon.colcon_core.package_identification:_identify(src/py_pubsub) by extension 'ignore_ament_install'
[0.196s] Level 1:colcon.colcon_core.package_identification:_identify(src/py_pubsub) by extensions ['colcon_pkg']
[0.196s] Level 1:colcon.colcon_core.package_identification:_identify(src/py_pubsub) by extension 'colcon_pkg'
[0.196s] Level 1:colcon.colcon_core.package_identification:_identify(src/py_pubsub) by extensions ['colcon_meta']
[0.196s] Level 1:colcon.colcon_core.package_identification:_identify(src/py_pubsub) by extension 'colcon_meta'
[0.196s] Level 1:colcon.colcon_core.package_identification:_identify(src/py_pubsub) by extensions ['ros']
[0.196s] Level 1:colcon.colcon_core.package_identification:_identify(src/py_pubsub) by extension 'ros'
[0.197s] DEBUG:colcon.colcon_core.package_identification:Package 'src/py_pubsub' with type 'ros.ament_python' and name 'py_pubsub'
[0.197s] Level 1:colcon.colcon_core.package_identification:_identify(src/ucb_interfaces) by extensions ['ignore', 'ignore_ament_install']
[0.197s] Level 1:colcon.colcon_core.package_identification:_identify(src/ucb_interfaces) by extension 'ignore'
[0.197s] Level 1:colcon.colcon_core.package_identification:_identify(src/ucb_interfaces) by extension 'ignore_ament_install'
[0.197s] Level 1:colcon.colcon_core.package_identification:_identify(src/ucb_interfaces) by extensions ['colcon_pkg']
[0.197s] Level 1:colcon.colcon_core.package_identification:_identify(src/ucb_interfaces) by extension 'colcon_pkg'
[0.197s] Level 1:colcon.colcon_core.package_identification:_identify(src/ucb_interfaces) by extensions ['colcon_meta']
[0.197s] Level 1:colcon.colcon_core.package_identification:_identify(src/ucb_interfaces) by extension 'colcon_meta'
[0.198s] Level 1:colcon.colcon_core.package_identification:_identify(src/ucb_interfaces) by extensions ['ros']
[0.198s] Level 1:colcon.colcon_core.package_identification:_identify(src/ucb_interfaces) by extension 'ros'
[0.198s] DEBUG:colcon.colcon_core.package_identification:Package 'src/ucb_interfaces' with type 'ros.ament_cmake' and name 'ucb_interfaces'
[0.198s] Level 1:colcon.colcon_core.package_discovery:discover_packages(recursive) using defaults
[0.198s] Level 1:colcon.colcon_core.package_discovery:discover_packages(ignore) discover
[0.198s] Level 1:colcon.colcon_core.package_discovery:discover_packages(ignore) using defaults
[0.198s] Level 1:colcon.colcon_core.package_discovery:discover_packages(path) discover
[0.198s] Level 1:colcon.colcon_core.package_discovery:discover_packages(path) using defaults
[0.218s] Level 1:colcon.colcon_core.package_discovery:discover_packages(prefix_path) check parameters
[0.218s] Level 1:colcon.colcon_core.package_discovery:discover_packages(prefix_path) discover
[0.219s] DEBUG:colcon.colcon_installed_package_information.package_discovery:Found 2 installed packages in /home/eduardex/Documents/Robotica/groupej2_ws/install
[0.220s] DEBUG:colcon.colcon_installed_package_information.package_discovery:Found 1 installed packages in /home/eduardex/Documents/Robotica/launch_ws/install
[0.221s] DEBUG:colcon.colcon_installed_package_information.package_discovery:Found 271 installed packages in /opt/ros/humble
[0.222s] Level 1:colcon.colcon_core.package_discovery:discover_packages(prefix_path) using defaults
[0.246s] Level 5:colcon.colcon_core.verb:set package 'py_pubsub' build argument 'cmake_args' from command line to 'None'
[0.246s] Level 5:colcon.colcon_core.verb:set package 'py_pubsub' build argument 'cmake_target' from command line to 'None'
[0.246s] Level 5:colcon.colcon_core.verb:set package 'py_pubsub' build argument 'cmake_target_skip_unavailable' from command line to 'False'
[0.246s] Level 5:colcon.colcon_core.verb:set package 'py_pubsub' build argument 'cmake_clean_cache' from command line to 'False'
[0.246s] Level 5:colcon.colcon_core.verb:set package 'py_pubsub' build argument 'cmake_clean_first' from command line to 'False'
[0.246s] Level 5:colcon.colcon_core.verb:set package 'py_pubsub' build argument 'cmake_force_configure' from command line to 'False'
[0.246s] Level 5:colcon.colcon_core.verb:set package 'py_pubsub' build argument 'ament_cmake_args' from command line to 'None'
[0.246s] Level 5:colcon.colcon_core.verb:set package 'py_pubsub' build argument 'catkin_cmake_args' from command line to 'None'
[0.246s] Level 5:colcon.colcon_core.verb:set package 'py_pubsub' build argument 'catkin_skip_building_tests' from command line to 'False'
[0.246s] DEBUG:colcon.colcon_core.verb:Building package 'py_pubsub' with the following arguments: {'ament_cmake_args': None, 'build_base': '/home/eduardex/Documents/Robotica/groupej2_ws/build/py_pubsub', 'catkin_cmake_args': None, 'catkin_skip_building_tests': False, 'cmake_args': None, 'cmake_clean_cache': False, 'cmake_clean_first': False, 'cmake_force_configure': False, 'cmake_target': None, 'cmake_target_skip_unavailable': False, 'install_base': '/home/eduardex/Documents/Robotica/groupej2_ws/install/py_pubsub', 'merge_install': False, 'path': '/home/eduardex/Documents/Robotica/groupej2_ws/src/py_pubsub', 'symlink_install': False, 'test_result_base': None}
[0.246s] Level 5:colcon.colcon_core.verb:set package 'ucb_interfaces' build argument 'cmake_args' from command line to 'None'
[0.246s] Level 5:colcon.colcon_core.verb:set package 'ucb_interfaces' build argument 'cmake_target' from command line to 'None'
[0.246s] Level 5:colcon.colcon_core.verb:set package 'ucb_interfaces' build argument 'cmake_target_skip_unavailable' from command line to 'False'
[0.246s] Level 5:colcon.colcon_core.verb:set package 'ucb_interfaces' build argument 'cmake_clean_cache' from command line to 'False'
[0.246s] Level 5:colcon.colcon_core.verb:set package 'ucb_interfaces' build argument 'cmake_clean_first' from command line to 'False'
[0.246s] Level 5:colcon.colcon_core.verb:set package 'ucb_interfaces' build argument 'cmake_force_configure' from command line to 'False'
[0.246s] Level 5:colcon.colcon_core.verb:set package 'ucb_interfaces' build argument 'ament_cmake_args' from command line to 'None'
[0.246s] Level 5:colcon.colcon_core.verb:set package 'ucb_interfaces' build argument 'catkin_cmake_args' from command line to 'None'
[0.246s] Level 5:colcon.colcon_core.verb:set package 'ucb_interfaces' build argument 'catkin_skip_building_tests' from command line to 'False'
[0.246s] DEBUG:colcon.colcon_core.verb:Building package 'ucb_interfaces' with the following arguments: {'ament_cmake_args': None, 'build_base': '/home/eduardex/Documents/Robotica/groupej2_ws/build/ucb_interfaces', 'catkin_cmake_args': None, 'catkin_skip_building_tests': False, 'cmake_args': None, 'cmake_clean_cache': False, 'cmake_clean_first': False, 'cmake_force_configure': False, 'cmake_target': None, 'cmake_target_skip_unavailable': False, 'install_base': '/home/eduardex/Documents/Robotica/groupej2_ws/install/ucb_interfaces', 'merge_install': False, 'path': '/home/eduardex/Documents/Robotica/groupej2_ws/src/ucb_interfaces', 'symlink_install': False, 'test_result_base': None}
[0.247s] INFO:colcon.colcon_core.executor:Executing jobs using 'parallel' executor
[0.247s] DEBUG:colcon.colcon_parallel_executor.executor.parallel:run_until_complete
[0.247s] INFO:colcon.colcon_ros.task.ament_python.build:Building ROS package in '/home/eduardex/Documents/Robotica/groupej2_ws/src/py_pubsub' with build type 'ament_python'
[0.247s] Level 1:colcon.colcon_core.shell:create_environment_hook('py_pubsub', 'ament_prefix_path')
[0.249s] INFO:colcon.colcon_core.plugin_system:Skipping extension 'colcon_core.shell.bat': Not used on non-Windows systems
[0.249s] INFO:colcon.colcon_core.shell:Creating environment hook '/home/eduardex/Documents/Robotica/groupej2_ws/install/py_pubsub/share/py_pubsub/hook/ament_prefix_path.ps1'
[0.249s] INFO:colcon.colcon_core.shell:Creating environment descriptor '/home/eduardex/Documents/Robotica/groupej2_ws/install/py_pubsub/share/py_pubsub/hook/ament_prefix_path.dsv'
[0.250s] INFO:colcon.colcon_core.shell:Creating environment hook '/home/eduardex/Documents/Robotica/groupej2_ws/install/py_pubsub/share/py_pubsub/hook/ament_prefix_path.sh'
[0.250s] INFO:colcon.colcon_core.shell:Skip shell extension 'powershell' for command environment: Not usable outside of PowerShell
[0.250s] DEBUG:colcon.colcon_core.shell:Skip shell extension 'dsv' for command environment
[0.253s] INFO:colcon.colcon_ros.task.ament_cmake.build:Building ROS package in '/home/eduardex/Documents/Robotica/groupej2_ws/src/ucb_interfaces' with build type 'ament_cmake'
[0.253s] INFO:colcon.colcon_cmake.task.cmake.build:Building CMake package in '/home/eduardex/Documents/Robotica/groupej2_ws/src/ucb_interfaces'
[0.253s] INFO:colcon.colcon_core.shell:Skip shell extension 'powershell' for command environment: Not usable outside of PowerShell
[0.253s] DEBUG:colcon.colcon_core.shell:Skip shell extension 'dsv' for command environment
[0.425s] INFO:colcon.colcon_core.task.python.build:Building Python package in '/home/eduardex/Documents/Robotica/groupej2_ws/src/py_pubsub'
[0.426s] INFO:colcon.colcon_core.shell:Skip shell extension 'powershell' for command environment: Not usable outside of PowerShell
[0.426s] DEBUG:colcon.colcon_core.shell:Skip shell extension 'dsv' for command environment
[0.432s] DEBUG:colcon.colcon_core.event_handler.log_command:Invoking command in '/home/eduardex/Documents/Robotica/groupej2_ws/build/ucb_interfaces': CMAKE_PREFIX_PATH=${CMAKE_PREFIX_PATH}:/home/eduardex/Documents/Robotica/groupej2_ws/install/py_pubsub:/home/eduardex/Documents/Robotica/launch_ws/install/ucb_pubsub:/opt/ros/humble /usr/bin/cmake --build /home/eduardex/Documents/Robotica/groupej2_ws/build/ucb_interfaces -- -j12 -l12
[0.665s] DEBUG:colcon.colcon_core.event_handler.log_command:Invoking command in '/home/eduardex/Documents/Robotica/groupej2_ws/src/py_pubsub': PYTHONPATH=/home/eduardex/Documents/Robotica/groupej2_ws/build/py_pubsub/prefix_override:/usr/lib/python3/dist-packages/colcon_core/task/python/colcon_distutils_commands:/home/eduardex/Documents/Robotica/groupej2_ws/install/py_pubsub/lib/python3.10/site-packages:${PYTHONPATH} /usr/bin/python3 -W ignore:setup.py install is deprecated -W ignore:easy_install command is deprecated setup.py egg_info --egg-base ../../build/py_pubsub build --build-base /home/eduardex/Documents/Robotica/groupej2_ws/build/py_pubsub/build install --record /home/eduardex/Documents/Robotica/groupej2_ws/build/py_pubsub/install.log --single-version-externally-managed install_data
[0.693s] DEBUG:colcon.colcon_core.event_handler.log_command:Invoked command in '/home/eduardex/Documents/Robotica/groupej2_ws/build/ucb_interfaces' returned '0': CMAKE_PREFIX_PATH=${CMAKE_PREFIX_PATH}:/home/eduardex/Documents/Robotica/groupej2_ws/install/py_pubsub:/home/eduardex/Documents/Robotica/launch_ws/install/ucb_pubsub:/opt/ros/humble /usr/bin/cmake --build /home/eduardex/Documents/Robotica/groupej2_ws/build/ucb_interfaces -- -j12 -l12
[0.703s] DEBUG:colcon.colcon_core.event_handler.log_command:Invoking command in '/home/eduardex/Documents/Robotica/groupej2_ws/build/ucb_interfaces': CMAKE_PREFIX_PATH=${CMAKE_PREFIX_PATH}:/home/eduardex/Documents/Robotica/groupej2_ws/install/py_pubsub:/home/eduardex/Documents/Robotica/launch_ws/install/ucb_pubsub:/opt/ros/humble /usr/bin/cmake --install /home/eduardex/Documents/Robotica/groupej2_ws/build/ucb_interfaces
[0.745s] Level 1:colcon.colcon_core.environment:create_environment_scripts_only(ucb_interfaces)
[0.745s] DEBUG:colcon.colcon_core.event_handler.log_command:Invoked command in '/home/eduardex/Documents/Robotica/groupej2_ws/build/ucb_interfaces' returned '0': CMAKE_PREFIX_PATH=${CMAKE_PREFIX_PATH}:/home/eduardex/Documents/Robotica/groupej2_ws/install/py_pubsub:/home/eduardex/Documents/Robotica/launch_ws/install/ucb_pubsub:/opt/ros/humble /usr/bin/cmake --install /home/eduardex/Documents/Robotica/groupej2_ws/build/ucb_interfaces
[0.747s] Level 1:colcon.colcon_core.environment:checking '/home/eduardex/Documents/Robotica/groupej2_ws/install/ucb_interfaces' for CMake module files
[0.748s] Level 1:colcon.colcon_core.environment:checking '/home/eduardex/Documents/Robotica/groupej2_ws/install/ucb_interfaces' for CMake config files
[0.748s] Level 1:colcon.colcon_core.shell:create_environment_hook('ucb_interfaces', 'cmake_prefix_path')
[0.748s] INFO:colcon.colcon_core.shell:Creating environment hook '/home/eduardex/Documents/Robotica/groupej2_ws/install/ucb_interfaces/share/ucb_interfaces/hook/cmake_prefix_path.ps1'
[0.748s] INFO:colcon.colcon_core.shell:Creating environment descriptor '/home/eduardex/Documents/Robotica/groupej2_ws/install/ucb_interfaces/share/ucb_interfaces/hook/cmake_prefix_path.dsv'
[0.749s] INFO:colcon.colcon_core.shell:Creating environment hook '/home/eduardex/Documents/Robotica/groupej2_ws/install/ucb_interfaces/share/ucb_interfaces/hook/cmake_prefix_path.sh'
[0.749s] Level 1:colcon.colcon_core.environment:checking '/home/eduardex/Documents/Robotica/groupej2_ws/install/ucb_interfaces/lib'
[0.749s] Level 1:colcon.colcon_core.shell:create_environment_hook('ucb_interfaces', 'ld_library_path_lib')
[0.750s] INFO:colcon.colcon_core.shell:Creating environment hook '/home/eduardex/Documents/Robotica/groupej2_ws/install/ucb_interfaces/share/ucb_interfaces/hook/ld_library_path_lib.ps1'
[0.750s] INFO:colcon.colcon_core.shell:Creating environment descriptor '/home/eduardex/Documents/Robotica/groupej2_ws/install/ucb_interfaces/share/ucb_interfaces/hook/ld_library_path_lib.dsv'
[0.750s] INFO:colcon.colcon_core.shell:Creating environment hook '/home/eduardex/Documents/Robotica/groupej2_ws/install/ucb_interfaces/share/ucb_interfaces/hook/ld_library_path_lib.sh'
[0.751s] Level 1:colcon.colcon_core.environment:checking '/home/eduardex/Documents/Robotica/groupej2_ws/install/ucb_interfaces/bin'
[0.751s] Level 1:colcon.colcon_core.environment:checking '/home/eduardex/Documents/Robotica/groupej2_ws/install/ucb_interfaces/lib/pkgconfig/ucb_interfaces.pc'
[0.751s] Level 1:colcon.colcon_core.environment:checking '/home/eduardex/Documents/Robotica/groupej2_ws/install/ucb_interfaces/lib/python3.10/site-packages'
[0.751s] Level 1:colcon.colcon_core.environment:checking '/home/eduardex/Documents/Robotica/groupej2_ws/install/ucb_interfaces/bin'
[0.751s] INFO:colcon.colcon_core.shell:Creating package script '/home/eduardex/Documents/Robotica/groupej2_ws/install/ucb_interfaces/share/ucb_interfaces/package.ps1'
[0.752s] INFO:colcon.colcon_core.shell:Creating package descriptor '/home/eduardex/Documents/Robotica/groupej2_ws/install/ucb_interfaces/share/ucb_interfaces/package.dsv'
[0.752s] INFO:colcon.colcon_core.shell:Creating package script '/home/eduardex/Documents/Robotica/groupej2_ws/install/ucb_interfaces/share/ucb_interfaces/package.sh'
[0.753s] INFO:colcon.colcon_core.shell:Creating package script '/home/eduardex/Documents/Robotica/groupej2_ws/install/ucb_interfaces/share/ucb_interfaces/package.bash'
[0.753s] INFO:colcon.colcon_core.shell:Creating package script '/home/eduardex/Documents/Robotica/groupej2_ws/install/ucb_interfaces/share/ucb_interfaces/package.zsh'
[0.754s] Level 1:colcon.colcon_core.environment:create_file_with_runtime_dependencies(/home/eduardex/Documents/Robotica/groupej2_ws/install/ucb_interfaces/share/colcon-core/packages/ucb_interfaces)
[0.754s] Level 1:colcon.colcon_core.environment:create_environment_scripts_only(ucb_interfaces)
[0.755s] Level 1:colcon.colcon_core.environment:checking '/home/eduardex/Documents/Robotica/groupej2_ws/install/ucb_interfaces' for CMake module files
[0.755s] Level 1:colcon.colcon_core.environment:checking '/home/eduardex/Documents/Robotica/groupej2_ws/install/ucb_interfaces' for CMake config files
[0.755s] Level 1:colcon.colcon_core.shell:create_environment_hook('ucb_interfaces', 'cmake_prefix_path')
[0.755s] INFO:colcon.colcon_core.shell:Creating environment hook '/home/eduardex/Documents/Robotica/groupej2_ws/install/ucb_interfaces/share/ucb_interfaces/hook/cmake_prefix_path.ps1'
[0.756s] INFO:colcon.colcon_core.shell:Creating environment descriptor '/home/eduardex/Documents/Robotica/groupej2_ws/install/ucb_interfaces/share/ucb_interfaces/hook/cmake_prefix_path.dsv'
[0.756s] INFO:colcon.colcon_core.shell:Creating environment hook '/home/eduardex/Documents/Robotica/groupej2_ws/install/ucb_interfaces/share/ucb_interfaces/hook/cmake_prefix_path.sh'
[0.757s] Level 1:colcon.colcon_core.environment:checking '/home/eduardex/Documents/Robotica/groupej2_ws/install/ucb_interfaces/lib'
[0.757s] Level 1:colcon.colcon_core.shell:create_environment_hook('ucb_interfaces', 'ld_library_path_lib')
[0.757s] INFO:colcon.colcon_core.shell:Creating environment hook '/home/eduardex/Documents/Robotica/groupej2_ws/install/ucb_interfaces/share/ucb_interfaces/hook/ld_library_path_lib.ps1'
[0.757s] INFO:colcon.colcon_core.shell:Creating environment descriptor '/home/eduardex/Documents/Robotica/groupej2_ws/install/ucb_interfaces/share/ucb_interfaces/hook/ld_library_path_lib.dsv'
[0.757s] INFO:colcon.colcon_core.shell:Creating environment hook '/home/eduardex/Documents/Robotica/groupej2_ws/install/ucb_interfaces/share/ucb_interfaces/hook/ld_library_path_lib.sh'
[0.757s] Level 1:colcon.colcon_core.environment:checking '/home/eduardex/Documents/Robotica/groupej2_ws/install/ucb_interfaces/bin'
[0.757s] Level 1:colcon.colcon_core.environment:checking '/home/eduardex/Documents/Robotica/groupej2_ws/install/ucb_interfaces/lib/pkgconfig/ucb_interfaces.pc'
[0.758s] Level 1:colcon.colcon_core.environment:checking '/home/eduardex/Documents/Robotica/groupej2_ws/install/ucb_interfaces/lib/python3.10/site-packages'
[0.758s] Level 1:colcon.colcon_core.environment:checking '/home/eduardex/Documents/Robotica/groupej2_ws/install/ucb_interfaces/bin'
[0.758s] INFO:colcon.colcon_core.shell:Creating package script '/home/eduardex/Documents/Robotica/groupej2_ws/install/ucb_interfaces/share/ucb_interfaces/package.ps1'
[0.758s] INFO:colcon.colcon_core.shell:Creating package descriptor '/home/eduardex/Documents/Robotica/groupej2_ws/install/ucb_interfaces/share/ucb_interfaces/package.dsv'
[0.759s] INFO:colcon.colcon_core.shell:Creating package script '/home/eduardex/Documents/Robotica/groupej2_ws/install/ucb_interfaces/share/ucb_interfaces/package.sh'
[0.759s] INFO:colcon.colcon_core.shell:Creating package script '/home/eduardex/Documents/Robotica/groupej2_ws/install/ucb_interfaces/share/ucb_interfaces/package.bash'
[0.759s] INFO:colcon.colcon_core.shell:Creating package script '/home/eduardex/Documents/Robotica/groupej2_ws/install/ucb_interfaces/share/ucb_interfaces/package.zsh'
[0.759s] Level 1:colcon.colcon_core.environment:create_file_with_runtime_dependencies(/home/eduardex/Documents/Robotica/groupej2_ws/install/ucb_interfaces/share/colcon-core/packages/ucb_interfaces)
[0.869s] Level 1:colcon.colcon_core.environment:checking '/home/eduardex/Documents/Robotica/groupej2_ws/install/py_pubsub' for CMake module files
[0.869s] DEBUG:colcon.colcon_core.event_handler.log_command:Invoked command in '/home/eduardex/Documents/Robotica/groupej2_ws/src/py_pubsub' returned '0': PYTHONPATH=/home/eduardex/Documents/Robotica/groupej2_ws/build/py_pubsub/prefix_override:/usr/lib/python3/dist-packages/colcon_core/task/python/colcon_distutils_commands:/home/eduardex/Documents/Robotica/groupej2_ws/install/py_pubsub/lib/python3.10/site-packages:${PYTHONPATH} /usr/bin/python3 -W ignore:setup.py install is deprecated -W ignore:easy_install command is deprecated setup.py egg_info --egg-base ../../build/py_pubsub build --build-base /home/eduardex/Documents/Robotica/groupej2_ws/build/py_pubsub/build install --record /home/eduardex/Documents/Robotica/groupej2_ws/build/py_pubsub/install.log --single-version-externally-managed install_data
[0.870s] Level 1:colcon.colcon_core.environment:checking '/home/eduardex/Documents/Robotica/groupej2_ws/install/py_pubsub' for CMake config files
[0.870s] Level 1:colcon.colcon_core.environment:checking '/home/eduardex/Documents/Robotica/groupej2_ws/install/py_pubsub/lib'
[0.870s] Level 1:colcon.colcon_core.environment:checking '/home/eduardex/Documents/Robotica/groupej2_ws/install/py_pubsub/bin'
[0.870s] Level 1:colcon.colcon_core.environment:checking '/home/eduardex/Documents/Robotica/groupej2_ws/install/py_pubsub/lib/pkgconfig/py_pubsub.pc'
[0.871s] Level 1:colcon.colcon_core.environment:checking '/home/eduardex/Documents/Robotica/groupej2_ws/install/py_pubsub/lib/python3.10/site-packages'
[0.871s] Level 1:colcon.colcon_core.shell:create_environment_hook('py_pubsub', 'pythonpath')
[0.871s] INFO:colcon.colcon_core.shell:Creating environment hook '/home/eduardex/Documents/Robotica/groupej2_ws/install/py_pubsub/share/py_pubsub/hook/pythonpath.ps1'
[0.872s] INFO:colcon.colcon_core.shell:Creating environment descriptor '/home/eduardex/Documents/Robotica/groupej2_ws/install/py_pubsub/share/py_pubsub/hook/pythonpath.dsv'
[0.872s] INFO:colcon.colcon_core.shell:Creating environment hook '/home/eduardex/Documents/Robotica/groupej2_ws/install/py_pubsub/share/py_pubsub/hook/pythonpath.sh'
[0.872s] Level 1:colcon.colcon_core.environment:checking '/home/eduardex/Documents/Robotica/groupej2_ws/install/py_pubsub/bin'
[0.872s] Level 1:colcon.colcon_core.environment:create_environment_scripts_only(py_pubsub)
[0.872s] INFO:colcon.colcon_core.shell:Creating package script '/home/eduardex/Documents/Robotica/groupej2_ws/install/py_pubsub/share/py_pubsub/package.ps1'
[0.873s] INFO:colcon.colcon_core.shell:Creating package descriptor '/home/eduardex/Documents/Robotica/groupej2_ws/install/py_pubsub/share/py_pubsub/package.dsv'
[0.873s] INFO:colcon.colcon_core.shell:Creating package script '/home/eduardex/Documents/Robotica/groupej2_ws/install/py_pubsub/share/py_pubsub/package.sh'
[0.873s] INFO:colcon.colcon_core.shell:Creating package script '/home/eduardex/Documents/Robotica/groupej2_ws/install/py_pubsub/share/py_pubsub/package.bash'
[0.874s] INFO:colcon.colcon_core.shell:Creating package script '/home/eduardex/Documents/Robotica/groupej2_ws/install/py_pubsub/share/py_pubsub/package.zsh'
[0.874s] Level 1:colcon.colcon_core.environment:create_file_with_runtime_dependencies(/home/eduardex/Documents/Robotica/groupej2_ws/install/py_pubsub/share/colcon-core/packages/py_pubsub)
[0.874s] DEBUG:colcon.colcon_parallel_executor.executor.parallel:closing loop
[0.874s] DEBUG:colcon.colcon_parallel_executor.executor.parallel:loop closed
[0.874s] DEBUG:colcon.colcon_parallel_executor.executor.parallel:run_until_complete finished with '0'
[0.874s] DEBUG:colcon.colcon_core.event_reactor:joining thread
[0.878s] INFO:colcon.colcon_core.plugin_system:Skipping extension 'colcon_notification.desktop_notification.terminal_notifier': Not used on non-Darwin systems
[0.878s] INFO:colcon.colcon_core.plugin_system:Skipping extension 'colcon_notification.desktop_notification.win32': Not used on non-Windows systems
[0.878s] INFO:colcon.colcon_notification.desktop_notification:Sending desktop notification using 'notify2'
[0.884s] DEBUG:colcon.colcon_core.event_reactor:joined thread
[0.884s] INFO:colcon.colcon_core.shell:Creating prefix script '/home/eduardex/Documents/Robotica/groupej2_ws/install/local_setup.ps1'
[0.885s] INFO:colcon.colcon_core.shell:Creating prefix util module '/home/eduardex/Documents/Robotica/groupej2_ws/install/_local_setup_util_ps1.py'
[0.886s] INFO:colcon.colcon_core.shell:Creating prefix chain script '/home/eduardex/Documents/Robotica/groupej2_ws/install/setup.ps1'
[0.887s] INFO:colcon.colcon_core.shell:Creating prefix script '/home/eduardex/Documents/Robotica/groupej2_ws/install/local_setup.sh'
[0.887s] INFO:colcon.colcon_core.shell:Creating prefix util module '/home/eduardex/Documents/Robotica/groupej2_ws/install/_local_setup_util_sh.py'
[0.887s] INFO:colcon.colcon_core.shell:Creating prefix chain script '/home/eduardex/Documents/Robotica/groupej2_ws/install/setup.sh'
[0.888s] INFO:colcon.colcon_core.shell:Creating prefix script '/home/eduardex/Documents/Robotica/groupej2_ws/install/local_setup.bash'
[0.889s] INFO:colcon.colcon_core.shell:Creating prefix chain script '/home/eduardex/Documents/Robotica/groupej2_ws/install/setup.bash'
[0.889s] INFO:colcon.colcon_core.shell:Creating prefix script '/home/eduardex/Documents/Robotica/groupej2_ws/install/local_setup.zsh'
[0.890s] INFO:colcon.colcon_core.shell:Creating prefix chain script '/home/eduardex/Documents/Robotica/groupej2_ws/install/setup.zsh'
