[0.183s] Invoking command in '/home/eduardex/Documents/Robotica/groupej2_ws/build/ucb_interfaces': CMAKE_PREFIX_PATH=/home/eduardex/Documents/Robotica/launch_ws/install/ucb_pubsub:/opt/ros/humble /usr/bin/cmake /home/eduardex/Documents/Robotica/groupej2_ws/src/ucb_interfaces -DCMAKE_INSTALL_PREFIX=/home/eduardex/Documents/Robotica/groupej2_ws/install/ucb_interfaces
[0.297s] -- The C compiler identification is GNU 11.4.0
[0.380s] -- The CXX compiler identification is GNU 11.4.0
[0.390s] -- Detecting C compiler ABI info
[0.454s] -- Detecting C compiler ABI info - done
[0.459s] -- Check for working C compiler: /usr/bin/cc - skipped
[0.459s] -- Detecting C compile features
[0.460s] -- Detecting C compile features - done
[0.463s] -- Detecting CXX compiler ABI info
[0.534s] -- Detecting CXX compiler ABI info - done
[0.539s] -- Check for working CXX compiler: /usr/bin/c++ - skipped
[0.539s] -- Detecting CXX compile features
[0.539s] -- Detecting CXX compile features - done
[0.541s] -- Found geometry_msgs: 4.9.0 (/opt/ros/humble/share/geometry_msgs/cmake)
[0.658s] -- Found Python3: /usr/bin/python3 (found version "3.10.12") found components: Interpreter 
[0.771s] -- Found rosidl_generator_c: 3.1.7 (/opt/ros/humble/share/rosidl_generator_c/cmake)
[0.777s] -- Found rosidl_adapter: 3.1.7 (/opt/ros/humble/share/rosidl_adapter/cmake)
[0.785s] -- Found rosidl_generator_cpp: 3.1.7 (/opt/ros/humble/share/rosidl_generator_cpp/cmake)
[0.797s] -- Using all available rosidl_typesupport_c: rosidl_typesupport_fastrtps_c;rosidl_typesupport_introspection_c
[0.812s] -- Using all available rosidl_typesupport_cpp: rosidl_typesupport_fastrtps_cpp;rosidl_typesupport_introspection_cpp
[0.849s] -- Found rosidl_default_generators: 1.2.0 (/opt/ros/humble/share/rosidl_default_generators/cmake)
[1.064s] -- Found ament_cmake_ros: 0.10.0 (/opt/ros/humble/share/ament_cmake_ros/cmake)
[1.368s] -- Using all available rosidl_typesupport_c: rosidl_typesupport_fastrtps_c;rosidl_typesupport_introspection_c
[1.484s] -- Using all available rosidl_typesupport_cpp: rosidl_typesupport_fastrtps_cpp;rosidl_typesupport_introspection_cpp
[1.501s] -- Found PythonInterp: /usr/bin/python3 (found suitable version "3.10.12", minimum required is "3.6") 
[1.503s] -- Found python_cmake_module: 0.10.0 (/opt/ros/humble/share/python_cmake_module/cmake)
[1.524s] -- Found PythonLibs: /usr/lib/x86_64-linux-gnu/libpython3.10.so (found suitable version "3.10.12", minimum required is "3.5") 
[1.524s] -- Using PYTHON_EXECUTABLE: /usr/bin/python3
[1.524s] -- Using PYTHON_INCLUDE_DIRS: /usr/include/python3.10
[1.524s] -- Using PYTHON_LIBRARIES: /usr/lib/x86_64-linux-gnu/libpython3.10.so
[1.540s] -- Found PythonExtra: .so  
[1.581s] -- Found ament_lint_auto: 0.12.14 (/opt/ros/humble/share/ament_lint_auto/cmake)
[1.601s] -- Added test 'lint_cmake' to check CMake code style
[1.602s] -- Added test 'xmllint' to check XML markup files
[1.604s] -- Configuring done
[1.631s] -- Generating done
[1.639s] -- Build files have been written to: /home/eduardex/Documents/Robotica/groupej2_ws/build/ucb_interfaces
[1.647s] Invoked command in '/home/eduardex/Documents/Robotica/groupej2_ws/build/ucb_interfaces' returned '0': CMAKE_PREFIX_PATH=/home/eduardex/Documents/Robotica/launch_ws/install/ucb_pubsub:/opt/ros/humble /usr/bin/cmake /home/eduardex/Documents/Robotica/groupej2_ws/src/ucb_interfaces -DCMAKE_INSTALL_PREFIX=/home/eduardex/Documents/Robotica/groupej2_ws/install/ucb_interfaces
[1.649s] Invoking command in '/home/eduardex/Documents/Robotica/groupej2_ws/build/ucb_interfaces': CMAKE_PREFIX_PATH=/home/eduardex/Documents/Robotica/launch_ws/install/ucb_pubsub:/opt/ros/humble /usr/bin/cmake --build /home/eduardex/Documents/Robotica/groupej2_ws/build/ucb_interfaces -- -j12 -l12
[1.682s] [  3%] [34m[1mGenerating C code for ROS interfaces[0m
[1.690s] [  6%] [34m[1mGenerating C++ code for ROS interfaces[0m
[1.698s] [  6%] Built target ament_cmake_python_copy_ucb_interfaces
[1.872s] running egg_info
[1.873s] creating ucb_interfaces.egg-info
[1.873s] writing ucb_interfaces.egg-info/PKG-INFO
[1.873s] writing dependency_links to ucb_interfaces.egg-info/dependency_links.txt
[1.873s] writing top-level names to ucb_interfaces.egg-info/top_level.txt
[1.873s] writing manifest file 'ucb_interfaces.egg-info/SOURCES.txt'
[1.875s] reading manifest file 'ucb_interfaces.egg-info/SOURCES.txt'
[1.875s] writing manifest file 'ucb_interfaces.egg-info/SOURCES.txt'
[1.887s] [  9%] [32mBuilding C object CMakeFiles/ucb_interfaces__rosidl_generator_c.dir/rosidl_generator_c/ucb_interfaces/srv/detail/rot__functions.c.o[0m
[1.890s] [  9%] Built target ucb_interfaces__cpp
[1.899s] [ 19%] [34m[1mGenerating C++ introspection for ROS interfaces[0m
[1.899s] [ 16%] [34m[1mGenerating C++ type support dispatch for ROS interfaces[0m
[1.899s] [ 19%] [34m[1mGenerating C++ type support for eProsima Fast-RTPS[0m
[1.899s] [ 19%] Built target ament_cmake_python_build_ucb_interfaces_egg
[1.950s] [ 22%] [32m[1mLinking C shared library libucb_interfaces__rosidl_generator_c.so[0m
[1.982s] [ 22%] Built target ucb_interfaces__rosidl_generator_c
[1.990s] [ 29%] [34m[1mGenerating C type support for eProsima Fast-RTPS[0m
[1.990s] [ 29%] [34m[1mGenerating C introspection for ROS interfaces[0m
[1.993s] [ 32%] [34m[1mGenerating C type support dispatch for ROS interfaces[0m
[2.077s] [ 35%] [32mBuilding CXX object CMakeFiles/ucb_interfaces__rosidl_typesupport_cpp.dir/rosidl_typesupport_cpp/ucb_interfaces/srv/rot__type_support.cpp.o[0m
[2.112s] [ 38%] [32mBuilding CXX object CMakeFiles/ucb_interfaces__rosidl_typesupport_introspection_cpp.dir/rosidl_typesupport_introspection_cpp/ucb_interfaces/srv/detail/rot__type_support.cpp.o[0m
[2.125s] [ 41%] [32mBuilding CXX object CMakeFiles/ucb_interfaces__rosidl_typesupport_fastrtps_cpp.dir/rosidl_typesupport_fastrtps_cpp/ucb_interfaces/srv/detail/dds_fastrtps/rot__type_support.cpp.o[0m
[2.187s] [ 45%] [32mBuilding CXX object CMakeFiles/ucb_interfaces__rosidl_typesupport_c.dir/rosidl_typesupport_c/ucb_interfaces/srv/rot__type_support.cpp.o[0m
[2.209s] [ 48%] [32mBuilding C object CMakeFiles/ucb_interfaces__rosidl_typesupport_introspection_c.dir/rosidl_typesupport_introspection_c/ucb_interfaces/srv/detail/rot__type_support.c.o[0m
[2.218s] [ 51%] [32m[1mLinking CXX shared library libucb_interfaces__rosidl_typesupport_c.so[0m
[2.218s] [ 54%] [32mBuilding CXX object CMakeFiles/ucb_interfaces__rosidl_typesupport_fastrtps_c.dir/rosidl_typesupport_fastrtps_c/ucb_interfaces/srv/detail/rot__type_support_c.cpp.o[0m
[2.249s] [ 58%] [32m[1mLinking C shared library libucb_interfaces__rosidl_typesupport_introspection_c.so[0m
[2.256s] [ 58%] Built target ucb_interfaces__rosidl_typesupport_c
[2.282s] [ 58%] Built target ucb_interfaces__rosidl_typesupport_introspection_c
[2.335s] [ 61%] [32m[1mLinking CXX shared library libucb_interfaces__rosidl_typesupport_cpp.so[0m
[2.374s] [ 61%] Built target ucb_interfaces__rosidl_typesupport_cpp
[2.419s] [ 64%] [32m[1mLinking CXX shared library libucb_interfaces__rosidl_typesupport_introspection_cpp.so[0m
[2.457s] [ 64%] Built target ucb_interfaces__rosidl_typesupport_introspection_cpp
[2.461s] [ 67%] [32m[1mLinking CXX shared library libucb_interfaces__rosidl_typesupport_fastrtps_cpp.so[0m
[2.474s] [ 70%] [32m[1mLinking CXX shared library libucb_interfaces__rosidl_typesupport_fastrtps_c.so[0m
[2.526s] [ 70%] Built target ucb_interfaces__rosidl_typesupport_fastrtps_cpp
[2.539s] [ 70%] Built target ucb_interfaces__rosidl_typesupport_fastrtps_c
[2.558s] [ 70%] Built target ucb_interfaces
[2.577s] [ 74%] [34m[1mGenerating Python code for ROS interfaces[0m
[2.831s] [ 74%] Built target ucb_interfaces__py
[2.851s] [ 77%] [32mBuilding C object CMakeFiles/ucb_interfaces__rosidl_generator_py.dir/rosidl_generator_py/ucb_interfaces/srv/_rot_s.c.o[0m
[2.951s] [ 80%] [32m[1mLinking C shared library rosidl_generator_py/ucb_interfaces/libucb_interfaces__rosidl_generator_py.so[0m
[2.987s] [ 80%] Built target ucb_interfaces__rosidl_generator_py
[3.004s] [ 87%] [32mBuilding C object CMakeFiles/ucb_interfaces__rosidl_typesupport_fastrtps_c__pyext.dir/rosidl_generator_py/ucb_interfaces/_ucb_interfaces_s.ep.rosidl_typesupport_fastrtps_c.c.o[0m
[3.004s] [ 87%] [32mBuilding C object CMakeFiles/ucb_interfaces__rosidl_typesupport_c__pyext.dir/rosidl_generator_py/ucb_interfaces/_ucb_interfaces_s.ep.rosidl_typesupport_c.c.o[0m
[3.004s] [ 90%] [32mBuilding C object CMakeFiles/ucb_interfaces__rosidl_typesupport_introspection_c__pyext.dir/rosidl_generator_py/ucb_interfaces/_ucb_interfaces_s.ep.rosidl_typesupport_introspection_c.c.o[0m
[3.081s] [100%] [32m[1mLinking C shared library rosidl_generator_py/ucb_interfaces/ucb_interfaces_s__rosidl_typesupport_introspection_c.cpython-310-x86_64-linux-gnu.so[0m
[3.081s] [100%] [32m[1mLinking C shared library rosidl_generator_py/ucb_interfaces/ucb_interfaces_s__rosidl_typesupport_fastrtps_c.cpython-310-x86_64-linux-gnu.so[0m
[3.081s] [100%] [32m[1mLinking C shared library rosidl_generator_py/ucb_interfaces/ucb_interfaces_s__rosidl_typesupport_c.cpython-310-x86_64-linux-gnu.so[0m
[3.114s] [100%] Built target ucb_interfaces__rosidl_typesupport_c__pyext
[3.114s] [100%] Built target ucb_interfaces__rosidl_typesupport_introspection_c__pyext
[3.115s] [100%] Built target ucb_interfaces__rosidl_typesupport_fastrtps_c__pyext
[3.124s] Invoked command in '/home/eduardex/Documents/Robotica/groupej2_ws/build/ucb_interfaces' returned '0': CMAKE_PREFIX_PATH=/home/eduardex/Documents/Robotica/launch_ws/install/ucb_pubsub:/opt/ros/humble /usr/bin/cmake --build /home/eduardex/Documents/Robotica/groupej2_ws/build/ucb_interfaces -- -j12 -l12
[3.132s] Invoking command in '/home/eduardex/Documents/Robotica/groupej2_ws/build/ucb_interfaces': CMAKE_PREFIX_PATH=/home/eduardex/Documents/Robotica/launch_ws/install/ucb_pubsub:/opt/ros/humble /usr/bin/cmake --install /home/eduardex/Documents/Robotica/groupej2_ws/build/ucb_interfaces
[3.139s] -- Install configuration: ""
[3.139s] -- Installing: /home/eduardex/Documents/Robotica/groupej2_ws/install/ucb_interfaces/share/ament_index/resource_index/rosidl_interfaces/ucb_interfaces
[3.139s] -- Installing: /home/eduardex/Documents/Robotica/groupej2_ws/install/ucb_interfaces/include/ucb_interfaces/ucb_interfaces
[3.139s] -- Installing: /home/eduardex/Documents/Robotica/groupej2_ws/install/ucb_interfaces/include/ucb_interfaces/ucb_interfaces/srv
[3.139s] -- Installing: /home/eduardex/Documents/Robotica/groupej2_ws/install/ucb_interfaces/include/ucb_interfaces/ucb_interfaces/srv/rot.h
[3.140s] -- Installing: /home/eduardex/Documents/Robotica/groupej2_ws/install/ucb_interfaces/include/ucb_interfaces/ucb_interfaces/srv/detail
[3.140s] -- Installing: /home/eduardex/Documents/Robotica/groupej2_ws/install/ucb_interfaces/include/ucb_interfaces/ucb_interfaces/srv/detail/rot__struct.h
[3.140s] -- Installing: /home/eduardex/Documents/Robotica/groupej2_ws/install/ucb_interfaces/include/ucb_interfaces/ucb_interfaces/srv/detail/rot__functions.h
[3.140s] -- Installing: /home/eduardex/Documents/Robotica/groupej2_ws/install/ucb_interfaces/include/ucb_interfaces/ucb_interfaces/srv/detail/rot__type_support.h
[3.140s] -- Installing: /home/eduardex/Documents/Robotica/groupej2_ws/install/ucb_interfaces/include/ucb_interfaces/ucb_interfaces/srv/detail/rot__functions.c
[3.140s] -- Installing: /home/eduardex/Documents/Robotica/groupej2_ws/install/ucb_interfaces/include/ucb_interfaces/ucb_interfaces/msg
[3.140s] -- Installing: /home/eduardex/Documents/Robotica/groupej2_ws/install/ucb_interfaces/include/ucb_interfaces/ucb_interfaces/msg/rosidl_generator_c__visibility_control.h
[3.140s] -- Installing: /home/eduardex/Documents/Robotica/groupej2_ws/install/ucb_interfaces/share/ucb_interfaces/environment/library_path.sh
[3.140s] -- Installing: /home/eduardex/Documents/Robotica/groupej2_ws/install/ucb_interfaces/share/ucb_interfaces/environment/library_path.dsv
[3.140s] -- Installing: /home/eduardex/Documents/Robotica/groupej2_ws/install/ucb_interfaces/lib/libucb_interfaces__rosidl_generator_c.so
[3.141s] -- Set runtime path of "/home/eduardex/Documents/Robotica/groupej2_ws/install/ucb_interfaces/lib/libucb_interfaces__rosidl_generator_c.so" to ""
[3.141s] -- Up-to-date: /home/eduardex/Documents/Robotica/groupej2_ws/install/ucb_interfaces/include/ucb_interfaces/ucb_interfaces
[3.141s] -- Up-to-date: /home/eduardex/Documents/Robotica/groupej2_ws/install/ucb_interfaces/include/ucb_interfaces/ucb_interfaces/srv
[3.141s] -- Up-to-date: /home/eduardex/Documents/Robotica/groupej2_ws/install/ucb_interfaces/include/ucb_interfaces/ucb_interfaces/srv/detail
[3.141s] -- Installing: /home/eduardex/Documents/Robotica/groupej2_ws/install/ucb_interfaces/include/ucb_interfaces/ucb_interfaces/srv/detail/rot__rosidl_typesupport_fastrtps_c.h
[3.141s] -- Up-to-date: /home/eduardex/Documents/Robotica/groupej2_ws/install/ucb_interfaces/include/ucb_interfaces/ucb_interfaces/msg
[3.141s] -- Installing: /home/eduardex/Documents/Robotica/groupej2_ws/install/ucb_interfaces/include/ucb_interfaces/ucb_interfaces/msg/rosidl_typesupport_fastrtps_c__visibility_control.h
[3.141s] -- Installing: /home/eduardex/Documents/Robotica/groupej2_ws/install/ucb_interfaces/lib/libucb_interfaces__rosidl_typesupport_fastrtps_c.so
[3.141s] -- Set runtime path of "/home/eduardex/Documents/Robotica/groupej2_ws/install/ucb_interfaces/lib/libucb_interfaces__rosidl_typesupport_fastrtps_c.so" to ""
[3.141s] -- Up-to-date: /home/eduardex/Documents/Robotica/groupej2_ws/install/ucb_interfaces/include/ucb_interfaces/ucb_interfaces
[3.141s] -- Up-to-date: /home/eduardex/Documents/Robotica/groupej2_ws/install/ucb_interfaces/include/ucb_interfaces/ucb_interfaces/srv
[3.141s] -- Up-to-date: /home/eduardex/Documents/Robotica/groupej2_ws/install/ucb_interfaces/include/ucb_interfaces/ucb_interfaces/srv/detail
[3.141s] -- Installing: /home/eduardex/Documents/Robotica/groupej2_ws/install/ucb_interfaces/include/ucb_interfaces/ucb_interfaces/srv/detail/rot__struct.hpp
[3.141s] -- Installing: /home/eduardex/Documents/Robotica/groupej2_ws/install/ucb_interfaces/include/ucb_interfaces/ucb_interfaces/srv/detail/rot__type_support.hpp
[3.142s] -- Installing: /home/eduardex/Documents/Robotica/groupej2_ws/install/ucb_interfaces/include/ucb_interfaces/ucb_interfaces/srv/detail/rot__builder.hpp
[3.142s] -- Installing: /home/eduardex/Documents/Robotica/groupej2_ws/install/ucb_interfaces/include/ucb_interfaces/ucb_interfaces/srv/detail/rot__traits.hpp
[3.142s] -- Installing: /home/eduardex/Documents/Robotica/groupej2_ws/install/ucb_interfaces/include/ucb_interfaces/ucb_interfaces/srv/rot.hpp
[3.142s] -- Up-to-date: /home/eduardex/Documents/Robotica/groupej2_ws/install/ucb_interfaces/include/ucb_interfaces/ucb_interfaces/msg
[3.142s] -- Installing: /home/eduardex/Documents/Robotica/groupej2_ws/install/ucb_interfaces/include/ucb_interfaces/ucb_interfaces/msg/rosidl_generator_cpp__visibility_control.hpp
[3.142s] -- Up-to-date: /home/eduardex/Documents/Robotica/groupej2_ws/install/ucb_interfaces/include/ucb_interfaces/ucb_interfaces
[3.142s] -- Up-to-date: /home/eduardex/Documents/Robotica/groupej2_ws/install/ucb_interfaces/include/ucb_interfaces/ucb_interfaces/srv
[3.142s] -- Up-to-date: /home/eduardex/Documents/Robotica/groupej2_ws/install/ucb_interfaces/include/ucb_interfaces/ucb_interfaces/srv/detail
[3.142s] -- Installing: /home/eduardex/Documents/Robotica/groupej2_ws/install/ucb_interfaces/include/ucb_interfaces/ucb_interfaces/srv/detail/dds_fastrtps
[3.142s] -- Installing: /home/eduardex/Documents/Robotica/groupej2_ws/install/ucb_interfaces/include/ucb_interfaces/ucb_interfaces/srv/detail/rot__rosidl_typesupport_fastrtps_cpp.hpp
[3.142s] -- Up-to-date: /home/eduardex/Documents/Robotica/groupej2_ws/install/ucb_interfaces/include/ucb_interfaces/ucb_interfaces/msg
[3.142s] -- Installing: /home/eduardex/Documents/Robotica/groupej2_ws/install/ucb_interfaces/include/ucb_interfaces/ucb_interfaces/msg/rosidl_typesupport_fastrtps_cpp__visibility_control.h
[3.142s] -- Installing: /home/eduardex/Documents/Robotica/groupej2_ws/install/ucb_interfaces/lib/libucb_interfaces__rosidl_typesupport_fastrtps_cpp.so
[3.143s] -- Set runtime path of "/home/eduardex/Documents/Robotica/groupej2_ws/install/ucb_interfaces/lib/libucb_interfaces__rosidl_typesupport_fastrtps_cpp.so" to ""
[3.143s] -- Up-to-date: /home/eduardex/Documents/Robotica/groupej2_ws/install/ucb_interfaces/include/ucb_interfaces/ucb_interfaces
[3.143s] -- Up-to-date: /home/eduardex/Documents/Robotica/groupej2_ws/install/ucb_interfaces/include/ucb_interfaces/ucb_interfaces/srv
[3.143s] -- Up-to-date: /home/eduardex/Documents/Robotica/groupej2_ws/install/ucb_interfaces/include/ucb_interfaces/ucb_interfaces/srv/detail
[3.143s] -- Installing: /home/eduardex/Documents/Robotica/groupej2_ws/install/ucb_interfaces/include/ucb_interfaces/ucb_interfaces/srv/detail/rot__type_support.c
[3.143s] -- Installing: /home/eduardex/Documents/Robotica/groupej2_ws/install/ucb_interfaces/include/ucb_interfaces/ucb_interfaces/srv/detail/rot__rosidl_typesupport_introspection_c.h
[3.143s] -- Up-to-date: /home/eduardex/Documents/Robotica/groupej2_ws/install/ucb_interfaces/include/ucb_interfaces/ucb_interfaces/msg
[3.143s] -- Installing: /home/eduardex/Documents/Robotica/groupej2_ws/install/ucb_interfaces/include/ucb_interfaces/ucb_interfaces/msg/rosidl_typesupport_introspection_c__visibility_control.h
[3.143s] -- Installing: /home/eduardex/Documents/Robotica/groupej2_ws/install/ucb_interfaces/lib/libucb_interfaces__rosidl_typesupport_introspection_c.so
[3.144s] -- Set runtime path of "/home/eduardex/Documents/Robotica/groupej2_ws/install/ucb_interfaces/lib/libucb_interfaces__rosidl_typesupport_introspection_c.so" to ""
[3.144s] -- Installing: /home/eduardex/Documents/Robotica/groupej2_ws/install/ucb_interfaces/lib/libucb_interfaces__rosidl_typesupport_c.so
[3.144s] -- Set runtime path of "/home/eduardex/Documents/Robotica/groupej2_ws/install/ucb_interfaces/lib/libucb_interfaces__rosidl_typesupport_c.so" to ""
[3.144s] -- Up-to-date: /home/eduardex/Documents/Robotica/groupej2_ws/install/ucb_interfaces/include/ucb_interfaces/ucb_interfaces
[3.144s] -- Up-to-date: /home/eduardex/Documents/Robotica/groupej2_ws/install/ucb_interfaces/include/ucb_interfaces/ucb_interfaces/srv
[3.144s] -- Up-to-date: /home/eduardex/Documents/Robotica/groupej2_ws/install/ucb_interfaces/include/ucb_interfaces/ucb_interfaces/srv/detail
[3.144s] -- Installing: /home/eduardex/Documents/Robotica/groupej2_ws/install/ucb_interfaces/include/ucb_interfaces/ucb_interfaces/srv/detail/rot__type_support.cpp
[3.144s] -- Installing: /home/eduardex/Documents/Robotica/groupej2_ws/install/ucb_interfaces/include/ucb_interfaces/ucb_interfaces/srv/detail/rot__rosidl_typesupport_introspection_cpp.hpp
[3.144s] -- Installing: /home/eduardex/Documents/Robotica/groupej2_ws/install/ucb_interfaces/lib/libucb_interfaces__rosidl_typesupport_introspection_cpp.so
[3.144s] -- Set runtime path of "/home/eduardex/Documents/Robotica/groupej2_ws/install/ucb_interfaces/lib/libucb_interfaces__rosidl_typesupport_introspection_cpp.so" to ""
[3.144s] -- Installing: /home/eduardex/Documents/Robotica/groupej2_ws/install/ucb_interfaces/lib/libucb_interfaces__rosidl_typesupport_cpp.so
[3.145s] -- Set runtime path of "/home/eduardex/Documents/Robotica/groupej2_ws/install/ucb_interfaces/lib/libucb_interfaces__rosidl_typesupport_cpp.so" to ""
[3.145s] -- Installing: /home/eduardex/Documents/Robotica/groupej2_ws/install/ucb_interfaces/share/ucb_interfaces/environment/pythonpath.sh
[3.145s] -- Installing: /home/eduardex/Documents/Robotica/groupej2_ws/install/ucb_interfaces/share/ucb_interfaces/environment/pythonpath.dsv
[3.145s] -- Installing: /home/eduardex/Documents/Robotica/groupej2_ws/install/ucb_interfaces/local/lib/python3.10/dist-packages/ucb_interfaces-0.0.0-py3.10.egg-info
[3.145s] -- Installing: /home/eduardex/Documents/Robotica/groupej2_ws/install/ucb_interfaces/local/lib/python3.10/dist-packages/ucb_interfaces-0.0.0-py3.10.egg-info/SOURCES.txt
[3.145s] -- Installing: /home/eduardex/Documents/Robotica/groupej2_ws/install/ucb_interfaces/local/lib/python3.10/dist-packages/ucb_interfaces-0.0.0-py3.10.egg-info/dependency_links.txt
[3.145s] -- Installing: /home/eduardex/Documents/Robotica/groupej2_ws/install/ucb_interfaces/local/lib/python3.10/dist-packages/ucb_interfaces-0.0.0-py3.10.egg-info/top_level.txt
[3.145s] -- Installing: /home/eduardex/Documents/Robotica/groupej2_ws/install/ucb_interfaces/local/lib/python3.10/dist-packages/ucb_interfaces-0.0.0-py3.10.egg-info/PKG-INFO
[3.146s] -- Installing: /home/eduardex/Documents/Robotica/groupej2_ws/install/ucb_interfaces/local/lib/python3.10/dist-packages/ucb_interfaces
[3.146s] -- Installing: /home/eduardex/Documents/Robotica/groupej2_ws/install/ucb_interfaces/local/lib/python3.10/dist-packages/ucb_interfaces/_ucb_interfaces_s.ep.rosidl_typesupport_c.c
[3.146s] -- Installing: /home/eduardex/Documents/Robotica/groupej2_ws/install/ucb_interfaces/local/lib/python3.10/dist-packages/ucb_interfaces/ucb_interfaces_s__rosidl_typesupport_introspection_c.cpython-310-x86_64-linux-gnu.so
[3.146s] -- Installing: /home/eduardex/Documents/Robotica/groupej2_ws/install/ucb_interfaces/local/lib/python3.10/dist-packages/ucb_interfaces/ucb_interfaces_s__rosidl_typesupport_c.cpython-310-x86_64-linux-gnu.so
[3.146s] -- Installing: /home/eduardex/Documents/Robotica/groupej2_ws/install/ucb_interfaces/local/lib/python3.10/dist-packages/ucb_interfaces/libucb_interfaces__rosidl_generator_py.so
[3.146s] -- Installing: /home/eduardex/Documents/Robotica/groupej2_ws/install/ucb_interfaces/local/lib/python3.10/dist-packages/ucb_interfaces/srv
[3.146s] -- Installing: /home/eduardex/Documents/Robotica/groupej2_ws/install/ucb_interfaces/local/lib/python3.10/dist-packages/ucb_interfaces/srv/_rot.py
[3.146s] -- Installing: /home/eduardex/Documents/Robotica/groupej2_ws/install/ucb_interfaces/local/lib/python3.10/dist-packages/ucb_interfaces/srv/__init__.py
[3.146s] -- Installing: /home/eduardex/Documents/Robotica/groupej2_ws/install/ucb_interfaces/local/lib/python3.10/dist-packages/ucb_interfaces/srv/_rot_s.c
[3.146s] -- Installing: /home/eduardex/Documents/Robotica/groupej2_ws/install/ucb_interfaces/local/lib/python3.10/dist-packages/ucb_interfaces/ucb_interfaces_s__rosidl_typesupport_fastrtps_c.cpython-310-x86_64-linux-gnu.so
[3.147s] -- Installing: /home/eduardex/Documents/Robotica/groupej2_ws/install/ucb_interfaces/local/lib/python3.10/dist-packages/ucb_interfaces/__init__.py
[3.147s] -- Installing: /home/eduardex/Documents/Robotica/groupej2_ws/install/ucb_interfaces/local/lib/python3.10/dist-packages/ucb_interfaces/_ucb_interfaces_s.ep.rosidl_typesupport_introspection_c.c
[3.147s] -- Installing: /home/eduardex/Documents/Robotica/groupej2_ws/install/ucb_interfaces/local/lib/python3.10/dist-packages/ucb_interfaces/_ucb_interfaces_s.ep.rosidl_typesupport_fastrtps_c.c
[3.174s] Listing '/home/eduardex/Documents/Robotica/groupej2_ws/install/ucb_interfaces/local/lib/python3.10/dist-packages/ucb_interfaces'...
[3.174s] Compiling '/home/eduardex/Documents/Robotica/groupej2_ws/install/ucb_interfaces/local/lib/python3.10/dist-packages/ucb_interfaces/__init__.py'...
[3.174s] Listing '/home/eduardex/Documents/Robotica/groupej2_ws/install/ucb_interfaces/local/lib/python3.10/dist-packages/ucb_interfaces/srv'...
[3.174s] Compiling '/home/eduardex/Documents/Robotica/groupej2_ws/install/ucb_interfaces/local/lib/python3.10/dist-packages/ucb_interfaces/srv/__init__.py'...
[3.174s] Compiling '/home/eduardex/Documents/Robotica/groupej2_ws/install/ucb_interfaces/local/lib/python3.10/dist-packages/ucb_interfaces/srv/_rot.py'...
[3.177s] -- Installing: /home/eduardex/Documents/Robotica/groupej2_ws/install/ucb_interfaces/local/lib/python3.10/dist-packages/ucb_interfaces/ucb_interfaces_s__rosidl_typesupport_fastrtps_c.cpython-310-x86_64-linux-gnu.so
[3.178s] -- Set runtime path of "/home/eduardex/Documents/Robotica/groupej2_ws/install/ucb_interfaces/local/lib/python3.10/dist-packages/ucb_interfaces/ucb_interfaces_s__rosidl_typesupport_fastrtps_c.cpython-310-x86_64-linux-gnu.so" to ""
[3.178s] -- Installing: /home/eduardex/Documents/Robotica/groupej2_ws/install/ucb_interfaces/local/lib/python3.10/dist-packages/ucb_interfaces/ucb_interfaces_s__rosidl_typesupport_introspection_c.cpython-310-x86_64-linux-gnu.so
[3.178s] -- Set runtime path of "/home/eduardex/Documents/Robotica/groupej2_ws/install/ucb_interfaces/local/lib/python3.10/dist-packages/ucb_interfaces/ucb_interfaces_s__rosidl_typesupport_introspection_c.cpython-310-x86_64-linux-gnu.so" to ""
[3.179s] -- Installing: /home/eduardex/Documents/Robotica/groupej2_ws/install/ucb_interfaces/local/lib/python3.10/dist-packages/ucb_interfaces/ucb_interfaces_s__rosidl_typesupport_c.cpython-310-x86_64-linux-gnu.so
[3.179s] -- Set runtime path of "/home/eduardex/Documents/Robotica/groupej2_ws/install/ucb_interfaces/local/lib/python3.10/dist-packages/ucb_interfaces/ucb_interfaces_s__rosidl_typesupport_c.cpython-310-x86_64-linux-gnu.so" to ""
[3.179s] -- Installing: /home/eduardex/Documents/Robotica/groupej2_ws/install/ucb_interfaces/lib/libucb_interfaces__rosidl_generator_py.so
[3.179s] -- Set runtime path of "/home/eduardex/Documents/Robotica/groupej2_ws/install/ucb_interfaces/lib/libucb_interfaces__rosidl_generator_py.so" to ""
[3.179s] -- Installing: /home/eduardex/Documents/Robotica/groupej2_ws/install/ucb_interfaces/share/ucb_interfaces/srv/Rot.idl
[3.179s] -- Installing: /home/eduardex/Documents/Robotica/groupej2_ws/install/ucb_interfaces/share/ucb_interfaces/srv/Rot.srv
[3.179s] -- Installing: /home/eduardex/Documents/Robotica/groupej2_ws/install/ucb_interfaces/share/ucb_interfaces/srv/Rot_Request.msg
[3.180s] -- Installing: /home/eduardex/Documents/Robotica/groupej2_ws/install/ucb_interfaces/share/ucb_interfaces/srv/Rot_Response.msg
[3.180s] -- Installing: /home/eduardex/Documents/Robotica/groupej2_ws/install/ucb_interfaces/share/ament_index/resource_index/package_run_dependencies/ucb_interfaces
[3.180s] -- Installing: /home/eduardex/Documents/Robotica/groupej2_ws/install/ucb_interfaces/share/ament_index/resource_index/parent_prefix_path/ucb_interfaces
[3.180s] -- Installing: /home/eduardex/Documents/Robotica/groupej2_ws/install/ucb_interfaces/share/ucb_interfaces/environment/ament_prefix_path.sh
[3.180s] -- Installing: /home/eduardex/Documents/Robotica/groupej2_ws/install/ucb_interfaces/share/ucb_interfaces/environment/ament_prefix_path.dsv
[3.180s] -- Installing: /home/eduardex/Documents/Robotica/groupej2_ws/install/ucb_interfaces/share/ucb_interfaces/environment/path.sh
[3.180s] -- Installing: /home/eduardex/Documents/Robotica/groupej2_ws/install/ucb_interfaces/share/ucb_interfaces/environment/path.dsv
[3.180s] -- Installing: /home/eduardex/Documents/Robotica/groupej2_ws/install/ucb_interfaces/share/ucb_interfaces/local_setup.bash
[3.181s] -- Installing: /home/eduardex/Documents/Robotica/groupej2_ws/install/ucb_interfaces/share/ucb_interfaces/local_setup.sh
[3.181s] -- Installing: /home/eduardex/Documents/Robotica/groupej2_ws/install/ucb_interfaces/share/ucb_interfaces/local_setup.zsh
[3.181s] -- Installing: /home/eduardex/Documents/Robotica/groupej2_ws/install/ucb_interfaces/share/ucb_interfaces/local_setup.dsv
[3.181s] -- Installing: /home/eduardex/Documents/Robotica/groupej2_ws/install/ucb_interfaces/share/ucb_interfaces/package.dsv
[3.181s] -- Installing: /home/eduardex/Documents/Robotica/groupej2_ws/install/ucb_interfaces/share/ament_index/resource_index/packages/ucb_interfaces
[3.181s] -- Installing: /home/eduardex/Documents/Robotica/groupej2_ws/install/ucb_interfaces/share/ucb_interfaces/cmake/export_ucb_interfaces__rosidl_generator_cExport.cmake
[3.181s] -- Installing: /home/eduardex/Documents/Robotica/groupej2_ws/install/ucb_interfaces/share/ucb_interfaces/cmake/export_ucb_interfaces__rosidl_generator_cExport-noconfig.cmake
[3.182s] -- Installing: /home/eduardex/Documents/Robotica/groupej2_ws/install/ucb_interfaces/share/ucb_interfaces/cmake/export_ucb_interfaces__rosidl_typesupport_fastrtps_cExport.cmake
[3.182s] -- Installing: /home/eduardex/Documents/Robotica/groupej2_ws/install/ucb_interfaces/share/ucb_interfaces/cmake/export_ucb_interfaces__rosidl_typesupport_fastrtps_cExport-noconfig.cmake
[3.182s] -- Installing: /home/eduardex/Documents/Robotica/groupej2_ws/install/ucb_interfaces/share/ucb_interfaces/cmake/export_ucb_interfaces__rosidl_generator_cppExport.cmake
[3.182s] -- Installing: /home/eduardex/Documents/Robotica/groupej2_ws/install/ucb_interfaces/share/ucb_interfaces/cmake/export_ucb_interfaces__rosidl_typesupport_fastrtps_cppExport.cmake
[3.182s] -- Installing: /home/eduardex/Documents/Robotica/groupej2_ws/install/ucb_interfaces/share/ucb_interfaces/cmake/export_ucb_interfaces__rosidl_typesupport_fastrtps_cppExport-noconfig.cmake
[3.182s] -- Installing: /home/eduardex/Documents/Robotica/groupej2_ws/install/ucb_interfaces/share/ucb_interfaces/cmake/ucb_interfaces__rosidl_typesupport_introspection_cExport.cmake
[3.182s] -- Installing: /home/eduardex/Documents/Robotica/groupej2_ws/install/ucb_interfaces/share/ucb_interfaces/cmake/ucb_interfaces__rosidl_typesupport_introspection_cExport-noconfig.cmake
[3.182s] -- Installing: /home/eduardex/Documents/Robotica/groupej2_ws/install/ucb_interfaces/share/ucb_interfaces/cmake/ucb_interfaces__rosidl_typesupport_cExport.cmake
[3.183s] -- Installing: /home/eduardex/Documents/Robotica/groupej2_ws/install/ucb_interfaces/share/ucb_interfaces/cmake/ucb_interfaces__rosidl_typesupport_cExport-noconfig.cmake
[3.183s] -- Installing: /home/eduardex/Documents/Robotica/groupej2_ws/install/ucb_interfaces/share/ucb_interfaces/cmake/ucb_interfaces__rosidl_typesupport_introspection_cppExport.cmake
[3.183s] -- Installing: /home/eduardex/Documents/Robotica/groupej2_ws/install/ucb_interfaces/share/ucb_interfaces/cmake/ucb_interfaces__rosidl_typesupport_introspection_cppExport-noconfig.cmake
[3.183s] -- Installing: /home/eduardex/Documents/Robotica/groupej2_ws/install/ucb_interfaces/share/ucb_interfaces/cmake/ucb_interfaces__rosidl_typesupport_cppExport.cmake
[3.183s] -- Installing: /home/eduardex/Documents/Robotica/groupej2_ws/install/ucb_interfaces/share/ucb_interfaces/cmake/ucb_interfaces__rosidl_typesupport_cppExport-noconfig.cmake
[3.183s] -- Installing: /home/eduardex/Documents/Robotica/groupej2_ws/install/ucb_interfaces/share/ucb_interfaces/cmake/export_ucb_interfaces__rosidl_generator_pyExport.cmake
[3.183s] -- Installing: /home/eduardex/Documents/Robotica/groupej2_ws/install/ucb_interfaces/share/ucb_interfaces/cmake/export_ucb_interfaces__rosidl_generator_pyExport-noconfig.cmake
[3.183s] -- Installing: /home/eduardex/Documents/Robotica/groupej2_ws/install/ucb_interfaces/share/ucb_interfaces/cmake/rosidl_cmake-extras.cmake
[3.184s] -- Installing: /home/eduardex/Documents/Robotica/groupej2_ws/install/ucb_interfaces/share/ucb_interfaces/cmake/ament_cmake_export_dependencies-extras.cmake
[3.184s] -- Installing: /home/eduardex/Documents/Robotica/groupej2_ws/install/ucb_interfaces/share/ucb_interfaces/cmake/ament_cmake_export_include_directories-extras.cmake
[3.184s] -- Installing: /home/eduardex/Documents/Robotica/groupej2_ws/install/ucb_interfaces/share/ucb_interfaces/cmake/ament_cmake_export_libraries-extras.cmake
[3.184s] -- Installing: /home/eduardex/Documents/Robotica/groupej2_ws/install/ucb_interfaces/share/ucb_interfaces/cmake/ament_cmake_export_targets-extras.cmake
[3.184s] -- Installing: /home/eduardex/Documents/Robotica/groupej2_ws/install/ucb_interfaces/share/ucb_interfaces/cmake/rosidl_cmake_export_typesupport_targets-extras.cmake
[3.184s] -- Installing: /home/eduardex/Documents/Robotica/groupej2_ws/install/ucb_interfaces/share/ucb_interfaces/cmake/rosidl_cmake_export_typesupport_libraries-extras.cmake
[3.184s] -- Installing: /home/eduardex/Documents/Robotica/groupej2_ws/install/ucb_interfaces/share/ucb_interfaces/cmake/ucb_interfacesConfig.cmake
[3.184s] -- Installing: /home/eduardex/Documents/Robotica/groupej2_ws/install/ucb_interfaces/share/ucb_interfaces/cmake/ucb_interfacesConfig-version.cmake
[3.185s] -- Installing: /home/eduardex/Documents/Robotica/groupej2_ws/install/ucb_interfaces/share/ucb_interfaces/package.xml
[3.187s] Invoked command in '/home/eduardex/Documents/Robotica/groupej2_ws/build/ucb_interfaces' returned '0': CMAKE_PREFIX_PATH=/home/eduardex/Documents/Robotica/launch_ws/install/ucb_pubsub:/opt/ros/humble /usr/bin/cmake --install /home/eduardex/Documents/Robotica/groupej2_ws/build/ucb_interfaces
