[0.430s] Invoking command in '/home/eduardex/Documents/Robotica/groupej2_ws/src/py_pubsub': PYTHONPATH=/home/eduardex/Documents/Robotica/groupej2_ws/build/py_pubsub/prefix_override:/usr/lib/python3/dist-packages/colcon_core/task/python/colcon_distutils_commands:/home/eduardex/Documents/Robotica/groupej2_ws/install/py_pubsub/lib/python3.10/site-packages:${PYTHONPATH} /usr/bin/python3 -W ignore:setup.py install is deprecated -W ignore:easy_install command is deprecated setup.py egg_info --egg-base ../../build/py_pubsub build --build-base /home/eduardex/Documents/Robotica/groupej2_ws/build/py_pubsub/build install --record /home/eduardex/Documents/Robotica/groupej2_ws/build/py_pubsub/install.log --single-version-externally-managed install_data
[0.590s] running egg_info
[0.591s] writing ../../build/py_pubsub/py_pubsub.egg-info/PKG-INFO
[0.591s] writing dependency_links to ../../build/py_pubsub/py_pubsub.egg-info/dependency_links.txt
[0.591s] writing entry points to ../../build/py_pubsub/py_pubsub.egg-info/entry_points.txt
[0.591s] writing requirements to ../../build/py_pubsub/py_pubsub.egg-info/requires.txt
[0.591s] writing top-level names to ../../build/py_pubsub/py_pubsub.egg-info/top_level.txt
[0.592s] reading manifest file '../../build/py_pubsub/py_pubsub.egg-info/SOURCES.txt'
[0.592s] adding license file 'LICENSE'
[0.593s] writing manifest file '../../build/py_pubsub/py_pubsub.egg-info/SOURCES.txt'
[0.593s] running build
[0.593s] running build_py
[0.593s] copying py_pubsub/server_angles.py -> /home/eduardex/Documents/Robotica/groupej2_ws/build/py_pubsub/build/lib/py_pubsub
[0.593s] running install
[0.593s] running install_lib
[0.594s] copying /home/eduardex/Documents/Robotica/groupej2_ws/build/py_pubsub/build/lib/py_pubsub/server_angles.py -> /home/eduardex/Documents/Robotica/groupej2_ws/install/py_pubsub/lib/python3.10/site-packages/py_pubsub
[0.594s] byte-compiling /home/eduardex/Documents/Robotica/groupej2_ws/install/py_pubsub/lib/python3.10/site-packages/py_pubsub/server_angles.py to server_angles.cpython-310.pyc
[0.595s] running install_data
[0.595s] running install_egg_info
[0.596s] removing '/home/eduardex/Documents/Robotica/groupej2_ws/install/py_pubsub/lib/python3.10/site-packages/py_pubsub-0.0.0-py3.10.egg-info' (and everything under it)
[0.596s] Copying ../../build/py_pubsub/py_pubsub.egg-info to /home/eduardex/Documents/Robotica/groupej2_ws/install/py_pubsub/lib/python3.10/site-packages/py_pubsub-0.0.0-py3.10.egg-info
[0.597s] running install_scripts
[0.611s] Installing client script to /home/eduardex/Documents/Robotica/groupej2_ws/install/py_pubsub/lib/py_pubsub
[0.611s] Installing receiver script to /home/eduardex/Documents/Robotica/groupej2_ws/install/py_pubsub/lib/py_pubsub
[0.612s] Installing sender script to /home/eduardex/Documents/Robotica/groupej2_ws/install/py_pubsub/lib/py_pubsub
[0.612s] Installing server script to /home/eduardex/Documents/Robotica/groupej2_ws/install/py_pubsub/lib/py_pubsub
[0.612s] writing list of installed files to '/home/eduardex/Documents/Robotica/groupej2_ws/build/py_pubsub/install.log'
[0.629s] Invoked command in '/home/eduardex/Documents/Robotica/groupej2_ws/src/py_pubsub' returned '0': PYTHONPATH=/home/eduardex/Documents/Robotica/groupej2_ws/build/py_pubsub/prefix_override:/usr/lib/python3/dist-packages/colcon_core/task/python/colcon_distutils_commands:/home/eduardex/Documents/Robotica/groupej2_ws/install/py_pubsub/lib/python3.10/site-packages:${PYTHONPATH} /usr/bin/python3 -W ignore:setup.py install is deprecated -W ignore:easy_install command is deprecated setup.py egg_info --egg-base ../../build/py_pubsub build --build-base /home/eduardex/Documents/Robotica/groupej2_ws/build/py_pubsub/build install --record /home/eduardex/Documents/Robotica/groupej2_ws/build/py_pubsub/install.log --single-version-externally-managed install_data
